[00:00:00.001] (7fb8e9db13c0) INFO   Row { content: ["u", "s", "e", " ", "s", "t", "d", ":", ":", "{"] }
[00:00:00.001] (7fb8e9db13c0) INFO   Row { content: [" ", " ", " ", " ", "i", "o", ":", ":", "{", "s", "t", "d", "o", "u", "t", ",", " ", "W", "r", "i", "t", "e", "}", ","] }
[00:00:00.003] (7fb8e9db13c0) INFO   Row { content: [" ", " ", " ", " ", "t", "i", "m", "e", ":", ":", "{", "D", "u", "r", "a", "t", "i", "o", "n", ",", " ", "I", "n", "s", "t", "a", "n", "t", "}", ","] }
[00:00:00.004] (7fb8e9db13c0) INFO   Row { content: ["}", ";"] }
[00:00:00.004] (7fb8e9db13c0) INFO   Row { content: [] }
[00:00:00.005] (7fb8e9db13c0) INFO   Row { content: ["u", "s", "e", " ", "t", "e", "r", "m", "i", "o", "n", ":", ":", "{"] }
[00:00:00.005] (7fb8e9db13c0) INFO   Row { content: [" ", " ", " ", " ", "c", "o", "l", "o", "r", ":", ":", "{", "s", "e", "l", "f", ",", " ", "B", "l", "a", "c", "k", ",", " ", "B", "l", "u", "e", ",", " ", "R", "e", "s", "e", "t", ",", " ", "W", "h", "i", "t", "e", "}", ","] }
[00:00:00.007] (7fb8e9db13c0) INFO   Row { content: [" ", " ", " ", " ", "e", "v", "e", "n", "t", ":", ":", "K", "e", "y", ","] }
[00:00:00.008] (7fb8e9db13c0) INFO   Row { content: [" ", " ", " ", " ", "i", "n", "p", "u", "t", ":", ":", "T", "e", "r", "m", "R", "e", "a", "d", ","] }
[00:00:00.009] (7fb8e9db13c0) INFO   Row { content: ["}", ";"] }
[00:00:00.010] (7fb8e9db13c0) INFO   Row { content: [] }
[00:00:00.010] (7fb8e9db13c0) INFO   Row { content: ["u", "s", "e", " ", "c", "r", "a", "t", "e", ":", ":", "{", "d", "o", "c", "u", "m", "e", "n", "t", ":", ":", "D", "o", "c", "u", "m", "e", "n", "t", ",", " ", "t", "e", "r", "m", "i", "n", "a", "l", ":", ":", "T", "e", "r", "m", "i", "n", "a", "l", ",", " ", "P", "o", "s", "i", "t", "i", "o", "n", ",", " ", "S", "t", "a", "t", "u", "s", "M", "e", "s", "s", "a", "g", "e", "}", ";"] }
[00:00:00.014] (7fb8e9db13c0) INFO   Row { content: [] }
[00:00:00.014] (7fb8e9db13c0) INFO   Row { content: ["p", "u", "b", " ", "s", "t", "r", "u", "c", "t", " ", "E", "d", "i", "t", "o", "r", " ", "{"] }
[00:00:00.015] (7fb8e9db13c0) INFO   Row { content: [" ", " ", " ", " ", "s", "h", "o", "u", "l", "d", "_", "e", "x", "i", "t", ":", " ", "b", "o", "o", "l", ","] }
[00:00:00.016] (7fb8e9db13c0) INFO   Row { content: [" ", " ", " ", " ", "t", "e", "r", "m", "i", "n", "a", "l", ":", " ", "T", "e", "r", "m", "i", "n", "a", "l", ","] }
[00:00:00.017] (7fb8e9db13c0) INFO   Row { content: [" ", " ", " ", " ", "c", "u", "r", "s", "o", "r", "_", "p", "o", "s", "i", "t", "i", "o", "n", ":", " ", "P", "o", "s", "i", "t", "i", "o", "n", ","] }
[00:00:00.019] (7fb8e9db13c0) INFO   Row { content: [" ", " ", " ", " ", "d", "o", "c", "u", "m", "e", "n", "t", ":", " ", "D", "o", "c", "u", "m", "e", "n", "t", ","] }
[00:00:00.020] (7fb8e9db13c0) INFO   Row { content: [" ", " ", " ", " ", "o", "f", "f", "s", "e", "t", ":", " ", "P", "o", "s", "i", "t", "i", "o", "n", ","] }
[00:00:00.021] (7fb8e9db13c0) INFO   Row { content: [" ", " ", " ", " ", "m", "e", "s", "s", "a", "g", "e", "_", "b", "u", "f", "f", "e", "r", ":", " ", "V", "e", "c", "<", "S", "t", "r", "i", "n", "g", ">", ","] }
[00:00:00.022] (7fb8e9db13c0) INFO   Row { content: [" ", " ", " ", " ", "m", "e", "s", "s", "a", "g", "e", ":", " ", "S", "t", "a", "t", "u", "s", "M", "e", "s", "s", "a", "g", "e", ","] }
[00:00:00.024] (7fb8e9db13c0) INFO   Row { content: ["}"] }
[00:00:00.024] (7fb8e9db13c0) INFO   Row { content: ["i", "m", "p", "l", " ", "E", "d", "i", "t", "o", "r", " ", "{"] }
[00:00:00.025] (7fb8e9db13c0) INFO   Row { content: [" ", " ", " ", " ", "/", "/", "R", "U", "N"] }
[00:00:00.025] (7fb8e9db13c0) INFO   Row { content: [" ", " ", " ", " ", "/", "/", "/", "#", " ", "P", "a", "n", "i", "c", "s"] }
[00:00:00.026] (7fb8e9db13c0) INFO   Row { content: [" ", " ", " ", " ", "/", "/", "/"] }
[00:00:00.027] (7fb8e9db13c0) INFO   Row { content: [" ", " ", " ", " ", "/", "/", "/", " ", "w", "i", "l", "l", " ", "p", "a", "n", "i", "c", " ", "i", "f", " ", "s", "o", "m", "e", "t", "h", "i", "n", "g", " ", "i", "s", " ", "w", "r", "o", "n", "g", " ", "w", "i", "t", "h", " ", "t", "h", "e", " ", "i", "n", "p", "u", "t", "t", "e", "d", " ", "k", "e", "y"] }
[00:00:00.030] (7fb8e9db13c0) INFO   Row { content: [" ", " ", " ", " ", "p", "u", "b", " ", "f", "n", " ", "r", "u", "n", "(", "&", "m", "u", "t", " ", "s", "e", "l", "f", ")", " ", "{"] }
[00:00:00.031] (7fb8e9db13c0) INFO   Row { content: [" ", " ", " ", " ", " ", " ", " ", " ", "T", "e", "r", "m", "i", "n", "a", "l", ":", ":", "c", "l", "e", "a", "r", "_", "s", "c", "r", "e", "e", "n", "(", ")", ";"] }
[00:00:00.033] (7fb8e9db13c0) INFO   Row { content: [" ", " ", " ", " ", " ", " ", " ", " ", "l", "o", "o", "p", " ", "{"] }
[00:00:00.033] (7fb8e9db13c0) INFO   Row { content: [" ", " ", " ", " ", " ", " ", " ", " ", " ", " ", " ", " ", "s", "e", "l", "f", ".", "r", "e", "n", "d", "e", "r", "(", ")", ";"] }
[00:00:00.035] (7fb8e9db13c0) INFO   Row { content: [" ", " ", " ", " ", " ", " ", " ", " ", " ", " ", " ", " ", "l", "e", "t", " ", "c", " ", "=", " ", "S", "e", "l", "f", ":", ":", "g", "e", "t", "_", "n", "e", "x", "t", "_", "k", "e", "y", "(", ")", ";"] }
[00:00:00.037] (7fb8e9db13c0) INFO   Row { content: [" ", " ", " ", " ", " ", " ", " ", " ", " ", " ", " ", " ", "i", "f", " ", "l", "e", "t", " ", "O", "k", "(", "k", "e", "y", ")", " ", "=", " ", "c", " ", "{"] }
[00:00:00.038] (7fb8e9db13c0) INFO   Row { content: [" ", " ", " ", " ", " ", " ", " ", " ", " ", " ", " ", " ", " ", " ", " ", " ", "s", "e", "l", "f", ".", "d", "e", "c", "o", "d", "e", "_", "k", "e", "y", "(", "k", "e", "y", ")", ";"] }
[00:00:00.040] (7fb8e9db13c0) INFO   Row { content: [" ", " ", " ", " ", " ", " ", " ", " ", " ", " ", " ", " ", "}", " ", "e", "l", "s", "e", " ", "{"] }
[00:00:00.041] (7fb8e9db13c0) INFO   Row { content: [" ", " ", " ", " ", " ", " ", " ", " ", " ", " ", " ", " ", " ", " ", " ", " ", "p", "a", "n", "i", "c", "!", "(", ")"] }
[00:00:00.042] (7fb8e9db13c0) INFO   Row { content: [" ", " ", " ", " ", " ", " ", " ", " ", " ", " ", " ", " ", "}"] }
[00:00:00.043] (7fb8e9db13c0) INFO   Row { content: [" ", " ", " ", " ", " ", " ", " ", " ", " ", " ", " ", " ", "i", "f", " ", "s", "e", "l", "f", ".", "s", "h", "o", "u", "l", "d", "_", "e", "x", "i", "t", " ", "{"] }
[00:00:00.044] (7fb8e9db13c0) INFO   Row { content: [" ", " ", " ", " ", " ", " ", " ", " ", " ", " ", " ", " ", " ", " ", " ", " ", "T", "e", "r", "m", "i", "n", "a", "l", ":", ":", "c", "l", "e", "a", "r", "_", "s", "c", "r", "e", "e", "n", "(", ")", ";"] }
[00:00:00.046] (7fb8e9db13c0) INFO   Row { content: [" ", " ", " ", " ", " ", " ", " ", " ", " ", " ", " ", " ", " ", " ", " ", " ", "p", "r", "i", "n", "t", "l", "n", "!", "(", "\"", "g", "o", "o", "d", "b", "y", "e", "!", " ", "\\", "r", "\"", ")", ";"] }
[00:00:00.048] (7fb8e9db13c0) INFO   Row { content: [" ", " ", " ", " ", " ", " ", " ", " ", " ", " ", " ", " ", " ", " ", " ", " ", "T", "e", "r", "m", "i", "n", "a", "l", ":", ":", "f", "l", "u", "s", "h", "(", ")", ";"] }
[00:00:00.050] (7fb8e9db13c0) INFO   Row { content: [" ", " ", " ", " ", " ", " ", " ", " ", " ", " ", " ", " ", " ", " ", " ", " ", "b", "r", "e", "a", "k", ";"] }
[00:00:00.051] (7fb8e9db13c0) INFO   Row { content: [" ", " ", " ", " ", " ", " ", " ", " ", " ", " ", " ", " ", "}"] }
[00:00:00.051] (7fb8e9db13c0) INFO   Row { content: [" ", " ", " ", " ", " ", " ", " ", " ", "}"] }
[00:00:00.052] (7fb8e9db13c0) INFO   Row { content: [" ", " ", " ", " ", "}"] }
[00:00:00.053] (7fb8e9db13c0) INFO   Row { content: [" ", " ", " ", " ", "/", "/", "S", "T", "A", "T", "I", "C"] }
[00:00:00.053] (7fb8e9db13c0) INFO   Row { content: [" ", " ", " ", " ", "f", "n", " ", "g", "e", "t", "_", "n", "e", "x", "t", "_", "k", "e", "y", "(", ")", " ", "-", ">", " ", "R", "e", "s", "u", "l", "t", "<", "K", "e", "y", ",", " ", "s", "t", "d", ":", ":", "i", "o", ":", ":", "E", "r", "r", "o", "r", ">", " ", "{"] }
[00:00:00.056] (7fb8e9db13c0) INFO   Row { content: [" ", " ", " ", " ", " ", " ", " ", " ", "l", "o", "o", "p", " ", "{"] }
[00:00:00.056] (7fb8e9db13c0) INFO   Row { content: [" ", " ", " ", " ", " ", " ", " ", " ", " ", " ", " ", " ", "i", "f", " ", "l", "e", "t", " ", "S", "o", "m", "e", "(", "k", "e", "y", ")", " ", "=", " ", "s", "t", "d", ":", ":", "i", "o", ":", ":", "s", "t", "d", "i", "n", "(", ")", ".", "l", "o", "c", "k", "(", ")", ".", "k", "e", "y", "s", "(", ")", ".", "n", "e", "x", "t", "(", ")", " ", "{"] }
[00:00:00.060] (7fb8e9db13c0) INFO   Row { content: [" ", " ", " ", " ", " ", " ", " ", " ", " ", " ", " ", " ", " ", " ", " ", " ", "r", "e", "t", "u", "r", "n", " ", "k", "e", "y", ";"] }
[00:00:00.061] (7fb8e9db13c0) INFO   Row { content: [" ", " ", " ", " ", " ", " ", " ", " ", " ", " ", " ", " ", "}"] }
[00:00:00.062] (7fb8e9db13c0) INFO   Row { content: [" ", " ", " ", " ", " ", " ", " ", " ", "}"] }
[00:00:00.062] (7fb8e9db13c0) INFO   Row { content: [" ", " ", " ", " ", "}"] }
[00:00:00.063] (7fb8e9db13c0) INFO   Row { content: [" ", " ", " ", " ", "/", "/", "R", "E", "N", "D", "E", "R", "I", "N", "G"] }
[00:00:00.064] (7fb8e9db13c0) INFO   Row { content: [" ", " ", " ", " ", "f", "n", " ", "r", "e", "n", "d", "e", "r", "(", "&", "m", "u", "t", " ", "s", "e", "l", "f", ")", " ", "{"] }
[00:00:00.065] (7fb8e9db13c0) INFO   Row { content: [" ", " ", " ", " ", " ", " ", " ", " ", "s", "e", "l", "f", ".", "d", "r", "a", "w", "_", "r", "o", "w", "s", "(", ")", ";"] }
[00:00:00.066] (7fb8e9db13c0) INFO   Row { content: [" ", " ", " ", " ", " ", " ", " ", " ", "T", "e", "r", "m", "i", "n", "a", "l", ":", ":", "p", "o", "s", "i", "t", "i", "o", "n", "_", "c", "u", "r", "s", "o", "r", "(", "&", "s", "e", "l", "f", ".", "c", "u", "r", "s", "o", "r", "_", "p", "o", "s", "i", "t", "i", "o", "n", ")", ";"] }
[00:00:00.069] (7fb8e9db13c0) INFO   Row { content: [" ", " ", " ", " ", " ", " ", " ", " ", "T", "e", "r", "m", "i", "n", "a", "l", ":", ":", "f", "l", "u", "s", "h", "(", ")", ";"] }
[00:00:00.070] (7fb8e9db13c0) INFO   Row { content: [" ", " ", " ", " ", "}"] }
[00:00:00.071] (7fb8e9db13c0) INFO   Row { content: [" ", " ", " ", " ", "p", "u", "b", " ", "f", "n", " ", "d", "r", "a", "w", "_", "r", "o", "w", "s", "(", "&", "m", "u", "t", " ", "s", "e", "l", "f", ")", " ", "{"] }
[00:00:00.072] (7fb8e9db13c0) INFO   Row { content: [" ", " ", " ", " ", " ", " ", " ", " ", "p", "r", "i", "n", "t", "!", "(", "\"", "{", "}", "\"", ",", " ", "t", "e", "r", "m", "i", "o", "n", ":", ":", "c", "u", "r", "s", "o", "r", ":", ":", "H", "i", "d", "e", ")", ";"] }
[00:00:00.075] (7fb8e9db13c0) INFO   Row { content: [" ", " ", " ", " ", " ", " ", " ", " ", "f", "o", "r", " ", "r", "o", "w", " ", "i", "n", " ", "0", ".", ".", "=", "s", "e", "l", "f", ".", "t", "e", "r", "m", "i", "n", "a", "l", ".", "h", "e", "i", "g", "h", "t", " ", "a", "s", " ", "u", "s", "i", "z", "e", " ", "{"] }
[00:00:00.077] (7fb8e9db13c0) INFO   Row { content: [" ", " ", " ", " ", " ", " ", " ", " ", " ", " ", " ", " ", "T", "e", "r", "m", "i", "n", "a", "l", ":", ":", "c", "l", "e", "a", "r", "_", "r", "o", "w", "(", ")", ";"] }
[00:00:00.079] (7fb8e9db13c0) INFO   Row { content: [" ", " ", " ", " ", " ", " ", " ", " ", " ", " ", " ", " ", "i", "f", " ", "r", "o", "w", " ", "=", "=", " ", "0", " ", "{"] }
[00:00:00.080] (7fb8e9db13c0) INFO   Row { content: [" ", " ", " ", " ", " ", " ", " ", " ", " ", " ", " ", " ", " ", " ", " ", " ", "s", "e", "l", "f", ".", "w", "e", "l", "c", "o", "m", "e", "(", ")", ";"] }
[00:00:00.082] (7fb8e9db13c0) INFO   Row { content: [" ", " ", " ", " ", " ", " ", " ", " ", " ", " ", " ", " ", "}", " ", "e", "l", "s", "e", " ", "i", "f", " ", "r", "o", "w", " ", "=", "=", " ", "s", "e", "l", "f", ".", "t", "e", "r", "m", "i", "n", "a", "l", ".", "h", "e", "i", "g", "h", "t", " ", "a", "s", " ", "u", "s", "i", "z", "e", " ", "-", " ", "1", " ", "{"] }
[00:00:00.084] (7fb8e9db13c0) INFO   Row { content: [" ", " ", " ", " ", " ", " ", " ", " ", " ", " ", " ", " ", " ", " ", " ", " ", "s", "e", "l", "f", ".", "m", "e", "s", "s", "a", "g", "e", "_", "b", "a", "r", "(", ")", ";"] }
[00:00:00.086] (7fb8e9db13c0) INFO   Row { content: [" ", " ", " ", " ", " ", " ", " ", " ", " ", " ", " ", " ", "}", " ", "e", "l", "s", "e", " ", "i", "f", " ", "r", "o", "w", " ", "=", "=", " ", "s", "e", "l", "f", ".", "t", "e", "r", "m", "i", "n", "a", "l", ".", "h", "e", "i", "g", "h", "t", " ", "a", "s", " ", "u", "s", "i", "z", "e", " ", "{"] }
[00:00:00.089] (7fb8e9db13c0) INFO   Row { content: [" ", " ", " ", " ", " ", " ", " ", " ", " ", " ", " ", " ", " ", " ", " ", " ", "s", "e", "l", "f", ".", "s", "t", "a", "t", "s", "_", "b", "a", "r", "(", ")", ";"] }
[00:00:00.090] (7fb8e9db13c0) INFO   Row { content: [" ", " ", " ", " ", " ", " ", " ", " ", " ", " ", " ", " ", "}", " ", "e", "l", "s", "e", " ", "i", "f", " ", "(", "1", ".", ".", "=", "s", "e", "l", "f", ".", "d", "o", "c", "u", "m", "e", "n", "t", ".", "r", "o", "w", "s", ".", "l", "e", "n", "(", ")", ")", ".", "c", "o", "n", "t", "a", "i", "n", "s", "(", "&", "(", "r", "o", "w", " ", "+", " ", "s", "e", "l", "f", ".", "o", "f", "f", "s", "e", "t", ".", "y", ")", ")", " ", "{"] }
[00:00:00.094] (7fb8e9db13c0) INFO   Row { content: [" ", " ", " ", " ", " ", " ", " ", " ", " ", " ", " ", " ", " ", " ", " ", " ", "i", "f", " ", "s", "e", "l", "f", ".", "d", "o", "c", "u", "m", "e", "n", "t", ".", "r", "o", "w", "s", "[", "r", "o", "w", " ", "+", " ", "s", "e", "l", "f", ".", "o", "f", "f", "s", "e", "t", ".", "y", " ", "-", " ", "1", "]"] }
[00:00:00.097] (7fb8e9db13c0) INFO   Row { content: [" ", " ", " ", " ", " ", " ", " ", " ", " ", " ", " ", " ", " ", " ", " ", " ", " ", " ", " ", " ", ".", "c", "o", "n", "t", "e", "n", "t"] }
[00:00:00.098] (7fb8e9db13c0) INFO   Row { content: [" ", " ", " ", " ", " ", " ", " ", " ", " ", " ", " ", " ", " ", " ", " ", " ", " ", " ", " ", " ", ".", "i", "s", "_", "e", "m", "p", "t", "y", "(", ")"] }
[00:00:00.099] (7fb8e9db13c0) INFO   Row { content: [" ", " ", " ", " ", " ", " ", " ", " ", " ", " ", " ", " ", " ", " ", " ", " ", "{"] }
[00:00:00.100] (7fb8e9db13c0) INFO   Row { content: [" ", " ", " ", " ", " ", " ", " ", " ", " ", " ", " ", " ", " ", " ", " ", " ", " ", " ", " ", " ", "p", "r", "i", "n", "t", "l", "n", "!", "(", ")", ";"] }
[00:00:00.102] (7fb8e9db13c0) INFO   Row { content: [" ", " ", " ", " ", " ", " ", " ", " ", " ", " ", " ", " ", " ", " ", " ", " ", " ", " ", " ", " ", "c", "o", "n", "t", "i", "n", "u", "e", ";"] }
[00:00:00.103] (7fb8e9db13c0) INFO   Row { content: [" ", " ", " ", " ", " ", " ", " ", " ", " ", " ", " ", " ", " ", " ", " ", " ", "}"] }
[00:00:00.104] (7fb8e9db13c0) INFO   Row { content: [" ", " ", " ", " ", " ", " ", " ", " ", " ", " ", " ", " ", " ", " ", " ", " ", "l", "e", "t", " ", "e", "n", "d", " ", "=", " ", "i", "f", " ", "s", "e", "l", "f", ".", "d", "o", "c", "u", "m", "e", "n", "t", ".", "r", "o", "w", "s", "[", "r", "o", "w", " ", "+", " ", "s", "e", "l", "f", ".", "o", "f", "f", "s", "e", "t", ".", "y", " ", "-", " ", "1", "]", ".", "c", "o", "n", "t", "e", "n", "t", ".", "l", "e", "n", "(", ")"] }
[00:00:00.108] (7fb8e9db13c0) INFO   Row { content: [" ", " ", " ", " ", " ", " ", " ", " ", " ", " ", " ", " ", " ", " ", " ", " ", " ", " ", " ", " ", ">", " ", "s", "e", "l", "f", ".", "t", "e", "r", "m", "i", "n", "a", "l", ".", "w", "i", "d", "t", "h", " ", "a", "s", " ", "u", "s", "i", "z", "e", " ", "+", " ", "s", "e", "l", "f", ".", "o", "f", "f", "s", "e", "t", ".", "x", " ", "-", " ", "2"] }
[00:00:00.111] (7fb8e9db13c0) INFO   Row { content: [" ", " ", " ", " ", " ", " ", " ", " ", " ", " ", " ", " ", " ", " ", " ", " ", "{"] }
[00:00:00.112] (7fb8e9db13c0) INFO   Row { content: [" ", " ", " ", " ", " ", " ", " ", " ", " ", " ", " ", " ", " ", " ", " ", " ", " ", " ", " ", " ", "s", "e", "l", "f", ".", "t", "e", "r", "m", "i", "n", "a", "l", ".", "w", "i", "d", "t", "h", " ", "a", "s", " ", "u", "s", "i", "z", "e", " ", "+", " ", "s", "e", "l", "f", ".", "o", "f", "f", "s", "e", "t", ".", "x", " ", "-", " ", "2"] }
[00:00:00.115] (7fb8e9db13c0) INFO   Row { content: [" ", " ", " ", " ", " ", " ", " ", " ", " ", " ", " ", " ", " ", " ", " ", " ", "}", " ", "e", "l", "s", "e", " ", "{"] }
[00:00:00.116] (7fb8e9db13c0) INFO   Row { content: [" ", " ", " ", " ", " ", " ", " ", " ", " ", " ", " ", " ", " ", " ", " ", " ", " ", " ", " ", " ", "s", "e", "l", "f", ".", "d", "o", "c", "u", "m", "e", "n", "t", ".", "r", "o", "w", "s", "[", "r", "o", "w", " ", "+", " ", "s", "e", "l", "f", ".", "o", "f", "f", "s", "e", "t", ".", "y", " ", "-", " ", "1", "]"] }
[00:00:00.119] (7fb8e9db13c0) INFO   Row { content: [" ", " ", " ", " ", " ", " ", " ", " ", " ", " ", " ", " ", " ", " ", " ", " ", " ", " ", " ", " ", " ", " ", " ", " ", ".", "c", "o", "n", "t", "e", "n", "t"] }
[00:00:00.120] (7fb8e9db13c0) INFO   Row { content: [" ", " ", " ", " ", " ", " ", " ", " ", " ", " ", " ", " ", " ", " ", " ", " ", " ", " ", " ", " ", " ", " ", " ", " ", ".", "l", "e", "n", "(", ")"] }
[00:00:00.122] (7fb8e9db13c0) INFO   Row { content: [" ", " ", " ", " ", " ", " ", " ", " ", " ", " ", " ", " ", " ", " ", " ", " ", " ", " ", " ", " ", " ", " ", " ", " ", ".", "s", "a", "t", "u", "r", "a", "t", "i", "n", "g", "_", "s", "u", "b", "(", "1", ")"] }
[00:00:00.123] (7fb8e9db13c0) INFO   Row { content: [" ", " ", " ", " ", " ", " ", " ", " ", " ", " ", " ", " ", " ", " ", " ", " ", "}", ";"] }
[00:00:00.124] (7fb8e9db13c0) INFO   Row { content: [" ", " ", " ", " ", " ", " ", " ", " ", " ", " ", " ", " ", " ", " ", " ", " ", "p", "r", "i", "n", "t", "l", "n", "!", "("] }
[00:00:00.126] (7fb8e9db13c0) INFO   Row { content: [" ", " ", " ", " ", " ", " ", " ", " ", " ", " ", " ", " ", " ", " ", " ", " ", " ", " ", " ", " ", "\"", "{", "}", "\\", "r", "\"", ","] }
[00:00:00.127] (7fb8e9db13c0) INFO   Row { content: [" ", " ", " ", " ", " ", " ", " ", " ", " ", " ", " ", " ", " ", " ", " ", " ", " ", " ", " ", " ", "&", "s", "e", "l", "f", ".", "d", "o", "c", "u", "m", "e", "n", "t", ".", "r", "o", "w", "s", "[", "r", "o", "w", " ", "+", " ", "s", "e", "l", "f", ".", "o", "f", "f", "s", "e", "t", ".", "y", " ", "-", " ", "1", "]", ".", "t", "o", "_", "s", "t", "r", "i", "n", "g", "(", "s", "e", "l", "f", ".", "o", "f", "f", "s", "e", "t", ".", "x", ".", ".", "=", "e", "n", "d", ")"] }
[00:00:00.131] (7fb8e9db13c0) INFO   Row { content: [" ", " ", " ", " ", " ", " ", " ", " ", " ", " ", " ", " ", " ", " ", " ", " ", ")", ";"] }
[00:00:00.132] (7fb8e9db13c0) INFO   Row { content: [" ", " ", " ", " ", " ", " ", " ", " ", " ", " ", " ", " ", "}", " ", "e", "l", "s", "e", " ", "{"] }
[00:00:00.133] (7fb8e9db13c0) INFO   Row { content: [" ", " ", " ", " ", " ", " ", " ", " ", " ", " ", " ", " ", " ", " ", " ", " ", "p", "r", "i", "n", "t", "l", "n", "!", "(", "\"", "~", "\\", "r", "\"", ")", ";"] }
[00:00:00.135] (7fb8e9db13c0) INFO   Row { content: [" ", " ", " ", " ", " ", " ", " ", " ", " ", " ", " ", " ", "}"] }
[00:00:00.135] (7fb8e9db13c0) INFO   Row { content: [" ", " ", " ", " ", " ", " ", " ", " ", "}"] }
[00:00:00.136] (7fb8e9db13c0) INFO   Row { content: [" ", " ", " ", " ", " ", " ", " ", " ", "T", "e", "r", "m", "i", "n", "a", "l", ":", ":", "m", "o", "v", "e", "_", "c", "u", "r", "s", "o", "r", "(", "1", ",", " ", "1", ")", ";"] }
[00:00:00.138] (7fb8e9db13c0) INFO   Row { content: [" ", " ", " ", " ", " ", " ", " ", " ", "p", "r", "i", "n", "t", "!", "(", "\"", "{", "}", "\"", ",", " ", "t", "e", "r", "m", "i", "o", "n", ":", ":", "c", "u", "r", "s", "o", "r", ":", ":", "S", "h", "o", "w", ")", ";"] }
[00:00:00.140] (7fb8e9db13c0) INFO   Row { content: [" ", " ", " ", " ", "}"] }
[00:00:00.140] (7fb8e9db13c0) INFO   Row { content: [] }
[00:00:00.140] (7fb8e9db13c0) INFO   Row { content: [" ", " ", " ", " ", "/", "/", "D", "E", "C", "O", "D", "E", " ", "K", "E", "Y", "S"] }
[00:00:00.141] (7fb8e9db13c0) INFO   Row { content: [" ", " ", " ", " ", "#", "[", "a", "l", "l", "o", "w", "(", "c", "l", "i", "p", "p", "y", ":", ":", "m", "a", "t", "c", "h", "_", "s", "a", "m", "e", "_", "a", "r", "m", "s", ",", " ", "c", "l", "i", "p", "p", "y", ":", ":", "c", "a", "s", "t", "_", "p", "o", "s", "s", "i", "b", "l", "e", "_", "t", "r", "u", "n", "c", "a", "t", "i", "o", "n", ")", "]"] }
[00:00:00.144] (7fb8e9db13c0) INFO   Row { content: [" ", " ", " ", " ", "f", "n", " ", "d", "e", "c", "o", "d", "e", "_", "k", "e", "y", "(", "&", "m", "u", "t", " ", "s", "e", "l", "f", ",", " ", "k", "e", "y", ":", " ", "K", "e", "y", ")", " ", "{"] }
[00:00:00.146] (7fb8e9db13c0) INFO   Row { content: [" ", " ", " ", " ", " ", " ", " ", " ", "m", "a", "t", "c", "h", " ", "k", "e", "y", " ", "{"] }
[00:00:00.147] (7fb8e9db13c0) INFO   Row { content: [" ", " ", " ", " ", " ", " ", " ", " ", " ", " ", " ", " ", "K", "e", "y", ":", ":", "C", "t", "r", "l", "(", "'", "q", "'", ")", " ", "=", ">", " ", "{"] }
[00:00:00.149] (7fb8e9db13c0) INFO   Row { content: [" ", " ", " ", " ", " ", " ", " ", " ", " ", " ", " ", " ", " ", " ", " ", " ", "p", "r", "i", "n", "t", "l", "n", "!", "(", "\"", "\\", "r", "\"", ")", ";"] }
[00:00:00.150] (7fb8e9db13c0) INFO   Row { content: [" ", " ", " ", " ", " ", " ", " ", " ", " ", " ", " ", " ", " ", " ", " ", " ", "s", "e", "l", "f", ".", "s", "h", "o", "u", "l", "d", "_", "e", "x", "i", "t", " ", "=", " ", "t", "r", "u", "e", ";"] }
[00:00:00.152] (7fb8e9db13c0) INFO   Row { content: [" ", " ", " ", " ", " ", " ", " ", " ", " ", " ", " ", " ", "}"] }
[00:00:00.153] (7fb8e9db13c0) INFO   Row { content: [" ", " ", " ", " ", " ", " ", " ", " ", " ", " ", " ", " ", "K", "e", "y", ":", ":", "C", "t", "r", "l", "(", "'", "n", "'", ")", " ", "=", ">", " ", "{"] }
[00:00:00.155] (7fb8e9db13c0) INFO   Row { content: [" ", " ", " ", " ", " ", " ", " ", " ", " ", " ", " ", " ", " ", " ", " ", " ", "T", "e", "r", "m", "i", "n", "a", "l", ":", ":", "m", "o", "v", "e", "_", "c", "u", "r", "s", "o", "r", "(", "1", ",", " ", "s", "e", "l", "f", ".", "t", "e", "r", "m", "i", "n", "a", "l", ".", "h", "e", "i", "g", "h", "t", ")", ";"] }
[00:00:00.157] (7fb8e9db13c0) INFO   Row { content: [" ", " ", " ", " ", " ", " ", " ", " ", " ", " ", " ", " ", " ", " ", " ", " ", "T", "e", "r", "m", "i", "n", "a", "l", ":", ":", "c", "l", "e", "a", "r", "_", "r", "o", "w", "(", ")", ";"] }
[00:00:00.159] (7fb8e9db13c0) INFO   Row { content: [" ", " ", " ", " ", " ", " ", " ", " ", " ", " ", " ", " ", " ", " ", " ", " ", "l", "e", "t", " ", "m", "u", "t", " ", "m", "e", "s", "s", "a", "g", "e", " ", "=", " ", "S", "t", "r", "i", "n", "g", ":", ":", "n", "e", "w", "(", ")", ";"] }
[00:00:00.161] (7fb8e9db13c0) INFO   Row { content: [" ", " ", " ", " ", " ", " ", " ", " ", " ", " ", " ", " ", " ", " ", " ", " ", "p", "r", "i", "n", "t", "!", "(", "\"", "~", "\"", ")", ";"] }
[00:00:00.163] (7fb8e9db13c0) INFO   Row { content: [" ", " ", " ", " ", " ", " ", " ", " ", " ", " ", " ", " ", " ", " ", " ", " ", "s", "t", "d", "o", "u", "t", "(", ")", ".", "f", "l", "u", "s", "h", "(", ")", ".", "u", "n", "w", "r", "a", "p", "(", ")", ";"] }
[00:00:00.164] (7fb8e9db13c0) INFO   Row { content: [" ", " ", " ", " ", " ", " ", " ", " ", " ", " ", " ", " ", " ", " ", " ", " ", "l", "o", "o", "p", " ", "{"] }
[00:00:00.166] (7fb8e9db13c0) INFO   Row { content: [" ", " ", " ", " ", " ", " ", " ", " ", " ", " ", " ", " ", " ", " ", " ", " ", " ", " ", " ", " ", "l", "e", "t", " ", "k", "e", "y", " ", "=", " ", "S", "e", "l", "f", ":", ":", "g", "e", "t", "_", "n", "e", "x", "t", "_", "k", "e", "y", "(", ")", ".", "u", "n", "w", "r", "a", "p", "(", ")", ";"] }
[00:00:00.168] (7fb8e9db13c0) INFO   Row { content: [" ", " ", " ", " ", " ", " ", " ", " ", " ", " ", " ", " ", " ", " ", " ", " ", " ", " ", " ", " ", "m", "a", "t", "c", "h", " ", "k", "e", "y", " ", "{"] }
[00:00:00.170] (7fb8e9db13c0) INFO   Row { content: [" ", " ", " ", " ", " ", " ", " ", " ", " ", " ", " ", " ", " ", " ", " ", " ", " ", " ", " ", " ", " ", " ", " ", " ", "K", "e", "y", ":", ":", "E", "s", "c", " ", "=", ">", " ", "b", "r", "e", "a", "k", ","] }
[00:00:00.172] (7fb8e9db13c0) INFO   Row { content: [" ", " ", " ", " ", " ", " ", " ", " ", " ", " ", " ", " ", " ", " ", " ", " ", " ", " ", " ", " ", " ", " ", " ", " ", "K", "e", "y", ":", ":", "C", "h", "a", "r", "(", "'", "\\", "n", "'", ")", " ", "=", ">", " ", "{"] }
[00:00:00.174] (7fb8e9db13c0) INFO   Row { content: [" ", " ", " ", " ", " ", " ", " ", " ", " ", " ", " ", " ", " ", " ", " ", " ", " ", " ", " ", " ", " ", " ", " ", " ", " ", " ", " ", " ", "s", "e", "l", "f", ".", "m", "e", "s", "s", "a", "g", "e", "_", "b", "u", "f", "f", "e", "r", ".", "p", "u", "s", "h", "(", "m", "e", "s", "s", "a", "g", "e", ".", "c", "l", "o", "n", "e", "(", ")", ")", ";"] }
[00:00:00.177] (7fb8e9db13c0) INFO   Row { content: [" ", " ", " ", " ", " ", " ", " ", " ", " ", " ", " ", " ", " ", " ", " ", " ", " ", " ", " ", " ", " ", " ", " ", " ", " ", " ", " ", " ", "b", "r", "e", "a", "k", ";"] }
[00:00:00.178] (7fb8e9db13c0) INFO   Row { content: [" ", " ", " ", " ", " ", " ", " ", " ", " ", " ", " ", " ", " ", " ", " ", " ", " ", " ", " ", " ", " ", " ", " ", " ", "}"] }
[00:00:00.180] (7fb8e9db13c0) INFO   Row { content: [" ", " ", " ", " ", " ", " ", " ", " ", " ", " ", " ", " ", " ", " ", " ", " ", " ", " ", " ", " ", " ", " ", " ", " ", "K", "e", "y", ":", ":", "C", "h", "a", "r", "(", "x", ")", " ", "=", ">", " ", "{"] }
[00:00:00.181] (7fb8e9db13c0) INFO   Row { content: [" ", " ", " ", " ", " ", " ", " ", " ", " ", " ", " ", " ", " ", " ", " ", " ", " ", " ", " ", " ", " ", " ", " ", " ", " ", " ", " ", " ", "p", "r", "i", "n", "t", "!", "(", "\"", "{", "}", "\"", ",", " ", "x", ")", ";"] }
[00:00:00.183] (7fb8e9db13c0) INFO   Row { content: [" ", " ", " ", " ", " ", " ", " ", " ", " ", " ", " ", " ", " ", " ", " ", " ", " ", " ", " ", " ", " ", " ", " ", " ", " ", " ", " ", " ", "m", "e", "s", "s", "a", "g", "e", ".", "p", "u", "s", "h", "(", "x", ")", ";"] }
[00:00:00.186] (7fb8e9db13c0) INFO   Row { content: [" ", " ", " ", " ", " ", " ", " ", " ", " ", " ", " ", " ", " ", " ", " ", " ", " ", " ", " ", " ", " ", " ", " ", " ", " ", " ", " ", " ", "s", "t", "d", "o", "u", "t", "(", ")", ".", "f", "l", "u", "s", "h", "(", ")", ".", "u", "n", "w", "r", "a", "p", "(", ")", ";"] }
[00:00:00.188] (7fb8e9db13c0) INFO   Row { content: [" ", " ", " ", " ", " ", " ", " ", " ", " ", " ", " ", " ", " ", " ", " ", " ", " ", " ", " ", " ", " ", " ", " ", " ", "}"] }
[00:00:00.189] (7fb8e9db13c0) INFO   Row { content: [" ", " ", " ", " ", " ", " ", " ", " ", " ", " ", " ", " ", " ", " ", " ", " ", " ", " ", " ", " ", " ", " ", " ", " ", "K", "e", "y", ":", ":", "B", "a", "c", "k", "s", "p", "a", "c", "e", " ", "=", ">", " ", "{"] }
[00:00:00.191] (7fb8e9db13c0) INFO   Row { content: [" ", " ", " ", " ", " ", " ", " ", " ", " ", " ", " ", " ", " ", " ", " ", " ", " ", " ", " ", " ", " ", " ", " ", " ", " ", " ", " ", " ", "m", "e", "s", "s", "a", "g", "e", ".", "p", "o", "p", "(", ")", ";"] }
[00:00:00.193] (7fb8e9db13c0) INFO   Row { content: [" ", " ", " ", " ", " ", " ", " ", " ", " ", " ", " ", " ", " ", " ", " ", " ", " ", " ", " ", " ", " ", " ", " ", " ", " ", " ", " ", " ", "T", "e", "r", "m", "i", "n", "a", "l", ":", ":", "m", "o", "v", "e", "_", "c", "u", "r", "s", "o", "r", "(", "m", "e", "s", "s", "a", "g", "e", ".", "l", "e", "n", "(", ")", " ", "a", "s", " ", "u", "1", "6", " ", "+", " ", "2", ",", " ", "s", "e", "l", "f", ".", "t", "e", "r", "m", "i", "n", "a", "l", ".", "h", "e", "i", "g", "h", "t", ")", ";"] }
[00:00:00.197] (7fb8e9db13c0) INFO   Row { content: [" ", " ", " ", " ", " ", " ", " ", " ", " ", " ", " ", " ", " ", " ", " ", " ", " ", " ", " ", " ", " ", " ", " ", " ", " ", " ", " ", " ", "p", "r", "i", "n", "t", "!", "(", "\"", " ", "\"", ")", ";"] }
[00:00:00.199] (7fb8e9db13c0) INFO   Row { content: [" ", " ", " ", " ", " ", " ", " ", " ", " ", " ", " ", " ", " ", " ", " ", " ", " ", " ", " ", " ", " ", " ", " ", " ", " ", " ", " ", " ", "T", "e", "r", "m", "i", "n", "a", "l", ":", ":", "m", "o", "v", "e", "_", "c", "u", "r", "s", "o", "r", "(", "m", "e", "s", "s", "a", "g", "e", ".", "l", "e", "n", "(", ")", " ", "a", "s", " ", "u", "1", "6", " ", "+", " ", "2", ",", " ", "s", "e", "l", "f", ".", "t", "e", "r", "m", "i", "n", "a", "l", ".", "h", "e", "i", "g", "h", "t", ")", ";"] }
[00:00:00.203] (7fb8e9db13c0) INFO   Row { content: [" ", " ", " ", " ", " ", " ", " ", " ", " ", " ", " ", " ", " ", " ", " ", " ", " ", " ", " ", " ", " ", " ", " ", " ", " ", " ", " ", " ", "s", "t", "d", "o", "u", "t", "(", ")", ".", "f", "l", "u", "s", "h", "(", ")", ".", "u", "n", "w", "r", "a", "p", "(", ")", ";"] }
[00:00:00.205] (7fb8e9db13c0) INFO   Row { content: [" ", " ", " ", " ", " ", " ", " ", " ", " ", " ", " ", " ", " ", " ", " ", " ", " ", " ", " ", " ", " ", " ", " ", " ", "}"] }
[00:00:00.207] (7fb8e9db13c0) INFO   Row { content: [" ", " ", " ", " ", " ", " ", " ", " ", " ", " ", " ", " ", " ", " ", " ", " ", " ", " ", " ", " ", " ", " ", " ", " ", "_", " ", "=", ">", " ", "(", ")", ","] }
[00:00:00.208] (7fb8e9db13c0) INFO   Row { content: [" ", " ", " ", " ", " ", " ", " ", " ", " ", " ", " ", " ", " ", " ", " ", " ", " ", " ", " ", " ", "}"] }
[00:00:00.209] (7fb8e9db13c0) INFO   Row { content: [" ", " ", " ", " ", " ", " ", " ", " ", " ", " ", " ", " ", " ", " ", " ", " ", "}"] }
[00:00:00.210] (7fb8e9db13c0) INFO   Row { content: [" ", " ", " ", " ", " ", " ", " ", " ", " ", " ", " ", " ", " ", " ", " ", " ", "T", "e", "r", "m", "i", "n", "a", "l", ":", ":", "c", "l", "e", "a", "r", "_", "r", "o", "w", "(", ")", ";"] }
[00:00:00.212] (7fb8e9db13c0) INFO   Row { content: [" ", " ", " ", " ", " ", " ", " ", " ", " ", " ", " ", " ", "}"] }
[00:00:00.213] (7fb8e9db13c0) INFO   Row { content: [" ", " ", " ", " ", " ", " ", " ", " ", " ", " ", " ", " ", "K", "e", "y", ":", ":", "C", "h", "a", "r", "(", "x", ")", " ", "=", ">", " ", "{"] }
[00:00:00.214] (7fb8e9db13c0) INFO   Row { content: [" ", " ", " ", " ", " ", " ", " ", " ", " ", " ", " ", " ", " ", " ", " ", " ", "s", "e", "l", "f", ".", "d", "o", "c", "u", "m", "e", "n", "t", ".", "r", "o", "w", "s", "[", "s", "e", "l", "f", ".", "c", "u", "r", "s", "o", "r", "_", "p", "o", "s", "i", "t", "i", "o", "n", ".", "y", " ", "-", " ", "1", "]"] }
[00:00:00.217] (7fb8e9db13c0) INFO   Row { content: [" ", " ", " ", " ", " ", " ", " ", " ", " ", " ", " ", " ", " ", " ", " ", " ", " ", " ", " ", " ", ".", "c", "o", "n", "t", "e", "n", "t"] }
[00:00:00.218] (7fb8e9db13c0) INFO   Row { content: [" ", " ", " ", " ", " ", " ", " ", " ", " ", " ", " ", " ", " ", " ", " ", " ", " ", " ", " ", " ", ".", "i", "n", "s", "e", "r", "t", "(", "s", "e", "l", "f", ".", "c", "u", "r", "s", "o", "r", "_", "p", "o", "s", "i", "t", "i", "o", "n", ".", "x", ",", " ", "x", ".", "t", "o", "_", "s", "t", "r", "i", "n", "g", "(", ")", ")", ";"] }
[00:00:00.221] (7fb8e9db13c0) INFO   Row { content: [" ", " ", " ", " ", " ", " ", " ", " ", " ", " ", " ", " ", " ", " ", " ", " ", "s", "e", "l", "f", ".", "c", "u", "r", "s", "o", "r", "_", "p", "o", "s", "i", "t", "i", "o", "n", ".", "x", " ", "+", "=", " ", "1", ";"] }
[00:00:00.223] (7fb8e9db13c0) INFO   Row { content: [" ", " ", " ", " ", " ", " ", " ", " ", " ", " ", " ", " ", "}"] }
[00:00:00.224] (7fb8e9db13c0) INFO   Row { content: [" ", " ", " ", " ", " ", " ", " ", " ", " ", " ", " ", " ", "K", "e", "y", ":", ":", "U", "p"] }
[00:00:00.225] (7fb8e9db13c0) INFO   Row { content: [" ", " ", " ", " ", " ", " ", " ", " ", " ", " ", " ", " ", "|", " ", "K", "e", "y", ":", ":", "L", "e", "f", "t"] }
[00:00:00.226] (7fb8e9db13c0) INFO   Row { content: [" ", " ", " ", " ", " ", " ", " ", " ", " ", " ", " ", " ", "|", " ", "K", "e", "y", ":", ":", "R", "i", "g", "h", "t"] }
[00:00:00.227] (7fb8e9db13c0) INFO   Row { content: [" ", " ", " ", " ", " ", " ", " ", " ", " ", " ", " ", " ", "|", " ", "K", "e", "y", ":", ":", "D", "o", "w", "n"] }
[00:00:00.228] (7fb8e9db13c0) INFO   Row { content: [" ", " ", " ", " ", " ", " ", " ", " ", " ", " ", " ", " ", "|", " ", "K", "e", "y", ":", ":", "P", "a", "g", "e", "U", "p"] }
[00:00:00.230] (7fb8e9db13c0) INFO   Row { content: [" ", " ", " ", " ", " ", " ", " ", " ", " ", " ", " ", " ", "|", " ", "K", "e", "y", ":", ":", "P", "a", "g", "e", "D", "o", "w", "n"] }
[00:00:00.231] (7fb8e9db13c0) INFO   Row { content: [" ", " ", " ", " ", " ", " ", " ", " ", " ", " ", " ", " ", "|", " ", "K", "e", "y", ":", ":", "E", "n", "d"] }
[00:00:00.232] (7fb8e9db13c0) INFO   Row { content: [" ", " ", " ", " ", " ", " ", " ", " ", " ", " ", " ", " ", "|", " ", "K", "e", "y", ":", ":", "H", "o", "m", "e", " ", "=", ">", " ", "s", "e", "l", "f", ".", "m", "o", "v", "e", "_", "c", "u", "r", "s", "o", "r", "(", "k", "e", "y", ")", ","] }
[00:00:00.235] (7fb8e9db13c0) INFO   Row { content: [" ", " ", " ", " ", " ", " ", " ", " ", " ", " ", " ", " ", "_", " ", "=", ">", " ", "(", ")", ","] }
[00:00:00.236] (7fb8e9db13c0) INFO   Row { content: [" ", " ", " ", " ", " ", " ", " ", " ", "}"] }
[00:00:00.237] (7fb8e9db13c0) INFO   Row { content: [" ", " ", " ", " ", " ", " ", " ", " ", "T", "e", "r", "m", "i", "n", "a", "l", ":", ":", "f", "l", "u", "s", "h", "(", ")", ";"] }
[00:00:00.239] (7fb8e9db13c0) INFO   Row { content: [" ", " ", " ", " ", "}"] }
[00:00:00.239] (7fb8e9db13c0) INFO   Row { content: [] }
[00:00:00.239] (7fb8e9db13c0) INFO   Row { content: [" ", " ", " ", " ", "/", "/", "M", "O", "V", "E", " ", "C", "U", "R", "S", "O", "R"] }
[00:00:00.240] (7fb8e9db13c0) INFO   Row { content: [" ", " ", " ", " ", "#", "[", "a", "l", "l", "o", "w", "(", "c", "l", "i", "p", "p", "y", ":", ":", "c", "a", "s", "t", "_", "p", "o", "s", "s", "i", "b", "l", "e", "_", "w", "r", "a", "p", ")", "]"] }
[00:00:00.242] (7fb8e9db13c0) INFO   Row { content: [" ", " ", " ", " ", "f", "n", " ", "m", "o", "v", "e", "_", "c", "u", "r", "s", "o", "r", "(", "&", "m", "u", "t", " ", "s", "e", "l", "f", ",", " ", "k", "e", "y", ":", " ", "K", "e", "y", ")", " ", "{"] }
[00:00:00.244] (7fb8e9db13c0) INFO   Row { content: [" ", " ", " ", " ", " ", " ", " ", " ", "l", "e", "t", " ", "P", "o", "s", "i", "t", "i", "o", "n", " ", "{", " ", "m", "u", "t", " ", "x", ",", " ", "m", "u", "t", " ", "y", " ", "}", " ", "=", " ", "s", "e", "l", "f", ".", "c", "u", "r", "s", "o", "r", "_", "p", "o", "s", "i", "t", "i", "o", "n", ";"] }
[00:00:00.247] (7fb8e9db13c0) INFO   Row { content: [" ", " ", " ", " ", " ", " ", " ", " ", "l", "e", "t", " ", "o", "f", "f", " ", "=", " ", "s", "e", "l", "f", ".", "o", "f", "f", "s", "e", "t", ".", "c", "l", "o", "n", "e", "(", ")", ";"] }
[00:00:00.251] (7fb8e9db13c0) INFO   Row { content: [" ", " ", " ", " ", " ", " ", " ", " ", "y", " ", "+", "=", " ", "o", "f", "f", ".", "y", ";"] }
[00:00:00.253] (7fb8e9db13c0) INFO   Row { content: [" ", " ", " ", " ", " ", " ", " ", " ", "x", " ", "+", "=", " ", "o", "f", "f", ".", "x", ";"] }
[00:00:00.254] (7fb8e9db13c0) INFO   Row { content: [" ", " ", " ", " ", " ", " ", " ", " ", "m", "a", "t", "c", "h", " ", "k", "e", "y", " ", "{"] }
[00:00:00.255] (7fb8e9db13c0) INFO   Row { content: [" ", " ", " ", " ", " ", " ", " ", " ", " ", " ", " ", " ", "K", "e", "y", ":", ":", "U", "p", " ", "=", ">", " ", "P", "o", "s", "i", "t", "i", "o", "n", " ", "{", " ", "x", ",", " ", "y", " ", "}", " ", "=", " ", "s", "e", "l", "f", ".", "u", "p", "(", "x", ",", " ", "y", ",", " ", "&", "o", "f", "f", ")", ","] }
[00:00:00.258] (7fb8e9db13c0) INFO   Row { content: [" ", " ", " ", " ", " ", " ", " ", " ", " ", " ", " ", " ", "K", "e", "y", ":", ":", "L", "e", "f", "t", " ", "=", ">", " ", "P", "o", "s", "i", "t", "i", "o", "n", " ", "{", " ", "x", ",", " ", "y", " ", "}", " ", "=", " ", "s", "e", "l", "f", ".", "l", "e", "f", "t", "(", "x", ",", " ", "y", ",", " ", "&", "o", "f", "f", ")", ","] }
[00:00:00.262] (7fb8e9db13c0) INFO   Row { content: [" ", " ", " ", " ", " ", " ", " ", " ", " ", " ", " ", " ", "K", "e", "y", ":", ":", "R", "i", "g", "h", "t", " ", "=", ">", " ", "P", "o", "s", "i", "t", "i", "o", "n", " ", "{", " ", "x", ",", " ", "y", " ", "}", " ", "=", " ", "s", "e", "l", "f", ".", "r", "i", "g", "h", "t", "(", "x", ",", " ", "y", ",", " ", "&", "o", "f", "f", ")", ","] }
[00:00:00.265] (7fb8e9db13c0) INFO   Row { content: [" ", " ", " ", " ", " ", " ", " ", " ", " ", " ", " ", " ", "K", "e", "y", ":", ":", "D", "o", "w", "n", " ", "=", ">", " ", "P", "o", "s", "i", "t", "i", "o", "n", " ", "{", " ", "x", ",", " ", "y", " ", "}", " ", "=", " ", "s", "e", "l", "f", ".", "d", "o", "w", "n", "(", "x", ",", " ", "y", ",", " ", "&", "o", "f", "f", ")", ","] }
[00:00:00.268] (7fb8e9db13c0) INFO   Row { content: [" ", " ", " ", " ", " ", " ", " ", " ", " ", " ", " ", " ", "K", "e", "y", ":", ":", "P", "a", "g", "e", "U", "p", " ", "=", ">", " ", "{"] }
[00:00:00.269] (7fb8e9db13c0) INFO   Row { content: [" ", " ", " ", " ", " ", " ", " ", " ", " ", " ", " ", " ", " ", " ", " ", " ", "y", " ", "=", " ", "i", "f", " ", "y", " ", "a", "s", " ", "i", "s", "i", "z", "e", " ", "-", " ", "(", "s", "e", "l", "f", ".", "t", "e", "r", "m", "i", "n", "a", "l", ".", "h", "e", "i", "g", "h", "t", " ", "a", "s", " ", "i", "s", "i", "z", "e", ")", " ", ">", " ", "0", " ", "{"] }
[00:00:00.272] (7fb8e9db13c0) INFO   Row { content: [" ", " ", " ", " ", " ", " ", " ", " ", " ", " ", " ", " ", " ", " ", " ", " ", " ", " ", " ", " ", "s", "e", "l", "f", ".", "o", "f", "f", "s", "e", "t", ".", "y", " ", "-", "=", " ", "s", "e", "l", "f", ".", "t", "e", "r", "m", "i", "n", "a", "l", ".", "h", "e", "i", "g", "h", "t", " ", "a", "s", " ", "u", "s", "i", "z", "e", " ", "-", " ", "3", ";"] }
[00:00:00.275] (7fb8e9db13c0) INFO   Row { content: [" ", " ", " ", " ", " ", " ", " ", " ", " ", " ", " ", " ", " ", " ", " ", " ", " ", " ", " ", " ", "o", "f", "f", ".", "y", " ", "+", " ", "1"] }
[00:00:00.278] (7fb8e9db13c0) INFO   Row { content: [" ", " ", " ", " ", " ", " ", " ", " ", " ", " ", " ", " ", " ", " ", " ", " ", "}", " ", "e", "l", "s", "e", " ", "{"] }
[00:00:00.279] (7fb8e9db13c0) INFO   Row { content: [" ", " ", " ", " ", " ", " ", " ", " ", " ", " ", " ", " ", " ", " ", " ", " ", " ", " ", " ", " ", "s", "e", "l", "f", ".", "o", "f", "f", "s", "e", "t", ".", "y", " ", "=", " ", "0", ";"] }
[00:00:00.281] (7fb8e9db13c0) INFO   Row { content: [" ", " ", " ", " ", " ", " ", " ", " ", " ", " ", " ", " ", " ", " ", " ", " ", " ", " ", " ", " ", "1", " ", "+", " ", "o", "f", "f", ".", "y"] }
[00:00:00.282] (7fb8e9db13c0) INFO   Row { content: [" ", " ", " ", " ", " ", " ", " ", " ", " ", " ", " ", " ", " ", " ", " ", " ", "}", ";"] }
[00:00:00.283] (7fb8e9db13c0) INFO   Row { content: [" ", " ", " ", " ", " ", " ", " ", " ", " ", " ", " ", " ", "}"] }
[00:00:00.284] (7fb8e9db13c0) INFO   Row { content: [" ", " ", " ", " ", " ", " ", " ", " ", " ", " ", " ", " ", "K", "e", "y", ":", ":", "P", "a", "g", "e", "D", "o", "w", "n", " ", "=", ">", " ", "{"] }
[00:00:00.286] (7fb8e9db13c0) INFO   Row { content: [" ", " ", " ", " ", " ", " ", " ", " ", " ", " ", " ", " ", " ", " ", " ", " ", "y", " ", "=", " ", "i", "f", " ", "y", " ", "+", " ", "(", "s", "e", "l", "f", ".", "t", "e", "r", "m", "i", "n", "a", "l", ".", "h", "e", "i", "g", "h", "t", " ", "a", "s", " ", "u", "s", "i", "z", "e", " ", "-", " ", "3", ")", " ", "<", " ", "s", "e", "l", "f", ".", "d", "o", "c", "u", "m", "e", "n", "t", ".", "r", "o", "w", "s", ".", "l", "e", "n", "(", ")", " ", "{"] }
[00:00:00.290] (7fb8e9db13c0) INFO   Row { content: [" ", " ", " ", " ", " ", " ", " ", " ", " ", " ", " ", " ", " ", " ", " ", " ", " ", " ", " ", " ", "s", "e", "l", "f", ".", "o", "f", "f", "s", "e", "t", ".", "y", " ", "+", "=", " ", "s", "e", "l", "f", ".", "t", "e", "r", "m", "i", "n", "a", "l", ".", "h", "e", "i", "g", "h", "t", " ", "a", "s", " ", "u", "s", "i", "z", "e", " ", "-", " ", "3", ";"] }
[00:00:00.293] (7fb8e9db13c0) INFO   Row { content: [" ", " ", " ", " ", " ", " ", " ", " ", " ", " ", " ", " ", " ", " ", " ", " ", " ", " ", " ", " ", "o", "f", "f", ".", "y", " ", "+", " ", "1"] }
[00:00:00.295] (7fb8e9db13c0) INFO   Row { content: [" ", " ", " ", " ", " ", " ", " ", " ", " ", " ", " ", " ", " ", " ", " ", " ", "}", " ", "e", "l", "s", "e", " ", "{"] }
[00:00:00.296] (7fb8e9db13c0) INFO   Row { content: [" ", " ", " ", " ", " ", " ", " ", " ", " ", " ", " ", " ", " ", " ", " ", " ", " ", " ", " ", " ", "s", "e", "l", "f", ".", "d", "o", "c", "u", "m", "e", "n", "t", ".", "r", "o", "w", "s", ".", "l", "e", "n", "(", ")"] }
[00:00:00.298] (7fb8e9db13c0) INFO   Row { content: [" ", " ", " ", " ", " ", " ", " ", " ", " ", " ", " ", " ", " ", " ", " ", " ", "}", ";"] }
[00:00:00.299] (7fb8e9db13c0) INFO   Row { content: [" ", " ", " ", " ", " ", " ", " ", " ", " ", " ", " ", " ", "}"] }
[00:00:00.300] (7fb8e9db13c0) INFO   Row { content: [" ", " ", " ", " ", " ", " ", " ", " ", " ", " ", " ", " ", "K", "e", "y", ":", ":", "E", "n", "d", " ", "=", ">", " ", "{"] }
[00:00:00.301] (7fb8e9db13c0) INFO   Row { content: [" ", " ", " ", " ", " ", " ", " ", " ", " ", " ", " ", " ", " ", " ", " ", " ", "i", "f", " ", "s", "e", "l", "f", ".", "d", "o", "c", "u", "m", "e", "n", "t", ".", "r", "o", "w", "s", "[", "y", " ", "-", " ", "1", "]", ".", "c", "o", "n", "t", "e", "n", "t", ".", "l", "e", "n", "(", ")", " ", ">", " ", "s", "e", "l", "f", ".", "t", "e", "r", "m", "i", "n", "a", "l", ".", "w", "i", "d", "t", "h", " ", "a", "s", " ", "u", "s", "i", "z", "e", " ", "{"] }
[00:00:00.305] (7fb8e9db13c0) INFO   Row { content: [" ", " ", " ", " ", " ", " ", " ", " ", " ", " ", " ", " ", " ", " ", " ", " ", " ", " ", " ", " ", "x", " ", "=", " ", "s", "e", "l", "f", ".", "t", "e", "r", "m", "i", "n", "a", "l", ".", "w", "i", "d", "t", "h", " ", "a", "s", " ", "u", "s", "i", "z", "e", " ", "-", " ", "2", " ", "+", " ", "o", "f", "f", ".", "x", ";"] }
[00:00:00.308] (7fb8e9db13c0) INFO   Row { content: [" ", " ", " ", " ", " ", " ", " ", " ", " ", " ", " ", " ", " ", " ", " ", " ", " ", " ", " ", " ", "s", "e", "l", "f", ".", "o", "f", "f", "s", "e", "t", ".", "x", " ", "="] }
[00:00:00.309] (7fb8e9db13c0) INFO   Row { content: [" ", " ", " ", " ", " ", " ", " ", " ", " ", " ", " ", " ", " ", " ", " ", " ", " ", " ", " ", " ", " ", " ", " ", " ", "s", "e", "l", "f", ".", "d", "o", "c", "u", "m", "e", "n", "t", ".", "r", "o", "w", "s", "[", "y", " ", "-", " ", "1", "]", ".", "c", "o", "n", "t", "e", "n", "t", ".", "l", "e", "n", "(", ")", " ", "-", " ", "s", "e", "l", "f", ".", "t", "e", "r", "m", "i", "n", "a", "l", ".", "w", "i", "d", "t", "h", " ", "a", "s", " ", "u", "s", "i", "z", "e", " ", "+", " ", "2", ";"] }
[00:00:00.314] (7fb8e9db13c0) INFO   Row { content: [" ", " ", " ", " ", " ", " ", " ", " ", " ", " ", " ", " ", " ", " ", " ", " ", "}", " ", "e", "l", "s", "e", " ", "{"] }
[00:00:00.315] (7fb8e9db13c0) INFO   Row { content: [" ", " ", " ", " ", " ", " ", " ", " ", " ", " ", " ", " ", " ", " ", " ", " ", " ", " ", " ", " ", "x", " ", "=", " ", "s", "e", "l", "f", ".", "d", "o", "c", "u", "m", "e", "n", "t", ".", "r", "o", "w", "s", "[", "y", " ", "-", " ", "1", "]", ".", "c", "o", "n", "t", "e", "n", "t", ".", "l", "e", "n", "(", ")", " ", "+", " ", "o", "f", "f", ".", "x", ";"] }
[00:00:00.318] (7fb8e9db13c0) INFO   Row { content: [" ", " ", " ", " ", " ", " ", " ", " ", " ", " ", " ", " ", " ", " ", " ", " ", " ", " ", " ", " ", "s", "e", "l", "f", ".", "o", "f", "f", "s", "e", "t", ".", "x", " ", "=", " ", "0", ";"] }
[00:00:00.320] (7fb8e9db13c0) INFO   Row { content: [" ", " ", " ", " ", " ", " ", " ", " ", " ", " ", " ", " ", " ", " ", " ", " ", "}"] }
[00:00:00.321] (7fb8e9db13c0) INFO   Row { content: [" ", " ", " ", " ", " ", " ", " ", " ", " ", " ", " ", " ", "}"] }
[00:00:00.322] (7fb8e9db13c0) INFO   Row { content: [" ", " ", " ", " ", " ", " ", " ", " ", " ", " ", " ", " ", "K", "e", "y", ":", ":", "H", "o", "m", "e", " ", "=", ">", " ", "{"] }
[00:00:00.323] (7fb8e9db13c0) INFO   Row { content: [" ", " ", " ", " ", " ", " ", " ", " ", " ", " ", " ", " ", " ", " ", " ", " ", "x", " ", "=", " ", "o", "f", "f", ".", "x", ";"] }
[00:00:00.325] (7fb8e9db13c0) INFO   Row { content: [" ", " ", " ", " ", " ", " ", " ", " ", " ", " ", " ", " ", " ", " ", " ", " ", "s", "e", "l", "f", ".", "o", "f", "f", "s", "e", "t", ".", "x", " ", "=", " ", "0", ";"] }
[00:00:00.326] (7fb8e9db13c0) INFO   Row { content: [" ", " ", " ", " ", " ", " ", " ", " ", " ", " ", " ", " ", "}"] }
[00:00:00.327] (7fb8e9db13c0) INFO   Row { content: [" ", " ", " ", " ", " ", " ", " ", " ", " ", " ", " ", " ", "_", " ", "=", ">", " ", "(", ")", ","] }
[00:00:00.328] (7fb8e9db13c0) INFO   Row { content: [" ", " ", " ", " ", " ", " ", " ", " ", "}"] }
[00:00:00.329] (7fb8e9db13c0) INFO   Row { content: [" ", " ", " ", " ", " ", " ", " ", " ", "s", "e", "l", "f", ".", "c", "u", "r", "s", "o", "r", "_", "p", "o", "s", "i", "t", "i", "o", "n", " ", "=", " ", "P", "o", "s", "i", "t", "i", "o", "n", " ", "{"] }
[00:00:00.331] (7fb8e9db13c0) INFO   Row { content: [" ", " ", " ", " ", " ", " ", " ", " ", " ", " ", " ", " ", "x", ":", " ", "x", " ", "-", " ", "o", "f", "f", ".", "x", ","] }
[00:00:00.332] (7fb8e9db13c0) INFO   Row { content: [" ", " ", " ", " ", " ", " ", " ", " ", " ", " ", " ", " ", "y", ":", " ", "y", " ", "-", " ", "o", "f", "f", ".", "y", ","] }
[00:00:00.333] (7fb8e9db13c0) INFO   Row { content: [" ", " ", " ", " ", " ", " ", " ", " ", "}", ";"] }
[00:00:00.334] (7fb8e9db13c0) INFO   Row { content: [" ", " ", " ", " ", "}"] }
[00:00:00.334] (7fb8e9db13c0) INFO   Row { content: [] }
[00:00:00.335] (7fb8e9db13c0) INFO   Row { content: [" ", " ", " ", " ", "/", "/", "B", "A", "R", "S"] }
[00:00:00.335] (7fb8e9db13c0) INFO   Row { content: [" ", " ", " ", " ", "f", "n", " ", "w", "e", "l", "c", "o", "m", "e", "(", "&", "s", "e", "l", "f", ")", " ", "{"] }
[00:00:00.337] (7fb8e9db13c0) INFO   Row { content: [" ", " ", " ", " ", " ", " ", " ", " ", "T", "e", "r", "m", "i", "n", "a", "l", ":", ":", "m", "o", "v", "e", "_", "c", "u", "r", "s", "o", "r", "(", "s", "e", "l", "f", ".", "t", "e", "r", "m", "i", "n", "a", "l", ".", "w", "i", "d", "t", "h", " ", "/", " ", "2", " ", "-", " ", "1", ",", " ", "0", ")", ";"] }
[00:00:00.339] (7fb8e9db13c0) INFO   Row { content: [" ", " ", " ", " ", " ", " ", " ", " ", "p", "r", "i", "n", "t", "l", "n", "!", "("] }
[00:00:00.340] (7fb8e9db13c0) INFO   Row { content: [" ", " ", " ", " ", " ", " ", " ", " ", " ", " ", " ", " ", "\"", "{", "}", "W", "e", "l", "c", "o", "m", "e", " ", "t", "o", " ", "S", "a", "p", "h", "i", "r", "e", "!", "{", "}", "\\", "r", "\"", ","] }
[00:00:00.342] (7fb8e9db13c0) INFO   Row { content: [" ", " ", " ", " ", " ", " ", " ", " ", " ", " ", " ", " ", "c", "o", "l", "o", "r", ":", ":", "F", "g", "(", "B", "l", "u", "e", ")", ","] }
[00:00:00.344] (7fb8e9db13c0) INFO   Row { content: [" ", " ", " ", " ", " ", " ", " ", " ", " ", " ", " ", " ", "c", "o", "l", "o", "r", ":", ":", "F", "g", "(", "R", "e", "s", "e", "t", ")"] }
[00:00:00.345] (7fb8e9db13c0) INFO   Row { content: [" ", " ", " ", " ", " ", " ", " ", " ", ")", ";"] }
[00:00:00.346] (7fb8e9db13c0) INFO   Row { content: [" ", " ", " ", " ", "}"] }
[00:00:00.346] (7fb8e9db13c0) INFO   Row { content: [" ", " ", " ", " ", "f", "n", " ", "s", "t", "a", "t", "s", "_", "b", "a", "r", "(", "&", "m", "u", "t", " ", "s", "e", "l", "f", ")", " ", "{"] }
[00:00:00.348] (7fb8e9db13c0) INFO   Row { content: [" ", " ", " ", " ", " ", " ", " ", " ", "p", "r", "i", "n", "t", "!", "(", "\"", "{", "}", "\"", ",", " ", "s", "e", "l", "f", ".", "m", "e", "s", "s", "a", "g", "e", ".", "m", "e", "s", "s", "a", "g", "e", ")", ";"] }
[00:00:00.350] (7fb8e9db13c0) INFO   Row { content: [" ", " ", " ", " ", " ", " ", " ", " ", "i", "f", " ", "I", "n", "s", "t", "a", "n", "t", ":", ":", "n", "o", "w", "(", ")", " ", "-", " ", "s", "e", "l", "f", ".", "m", "e", "s", "s", "a", "g", "e", ".", "t", "i", "m", "e", " ", ">", " ", "D", "u", "r", "a", "t", "i", "o", "n", ":", ":", "n", "e", "w", "(", "5", ",", " ", "0", ")", " ", "{"] }
[00:00:00.353] (7fb8e9db13c0) INFO   Row { content: [" ", " ", " ", " ", " ", " ", " ", " ", " ", " ", " ", " ", "i", "f", " ", "s", "e", "l", "f", ".", "m", "e", "s", "s", "a", "g", "e", "_", "b", "u", "f", "f", "e", "r", ".", "i", "s", "_", "e", "m", "p", "t", "y", "(", ")", " ", "{"] }
[00:00:00.355] (7fb8e9db13c0) INFO   Row { content: [" ", " ", " ", " ", " ", " ", " ", " ", " ", " ", " ", " ", " ", " ", " ", " ", "s", "e", "l", "f", ".", "m", "e", "s", "s", "a", "g", "e", " ", "=", " ", "S", "t", "a", "t", "u", "s", "M", "e", "s", "s", "a", "g", "e", ":", ":", "n", "e", "w", "(", "\"", "\"", ".", "t", "o", "_", "s", "t", "r", "i", "n", "g", "(", ")", ")", ";"] }
[00:00:00.358] (7fb8e9db13c0) INFO   Row { content: [" ", " ", " ", " ", " ", " ", " ", " ", " ", " ", " ", " ", "}", " ", "e", "l", "s", "e", " ", "{"] }
[00:00:00.359] (7fb8e9db13c0) INFO   Row { content: [" ", " ", " ", " ", " ", " ", " ", " ", " ", " ", " ", " ", " ", " ", " ", " ", "s", "e", "l", "f", ".", "m", "e", "s", "s", "a", "g", "e", " ", "=", " ", "S", "t", "a", "t", "u", "s", "M", "e", "s", "s", "a", "g", "e", ":", ":", "n", "e", "w", "(", "s", "e", "l", "f", ".", "m", "e", "s", "s", "a", "g", "e", "_", "b", "u", "f", "f", "e", "r", ".", "r", "e", "m", "o", "v", "e", "(", "0", ")", ")", ";"] }
[00:00:00.362] (7fb8e9db13c0) INFO   Row { content: [" ", " ", " ", " ", " ", " ", " ", " ", " ", " ", " ", " ", "}"] }
[00:00:00.363] (7fb8e9db13c0) INFO   Row { content: [" ", " ", " ", " ", " ", " ", " ", " ", "}"] }
[00:00:00.364] (7fb8e9db13c0) INFO   Row { content: [" ", " ", " ", " ", "}"] }
[00:00:00.364] (7fb8e9db13c0) INFO   Row { content: [" ", " ", " ", " ", "f", "n", " ", "m", "e", "s", "s", "a", "g", "e", "_", "b", "a", "r", "(", "&", "s", "e", "l", "f", ")", " ", "{"] }
[00:00:00.366] (7fb8e9db13c0) INFO   Row { content: [" ", " ", " ", " ", " ", " ", " ", " ", "p", "r", "i", "n", "t", "!", "("] }
[00:00:00.367] (7fb8e9db13c0) INFO   Row { content: [" ", " ", " ", " ", " ", " ", " ", " ", " ", " ", " ", " ", "\"", "{", "}", "{", "}", "\\", "r", "\"", ","] }
[00:00:00.368] (7fb8e9db13c0) INFO   Row { content: [" ", " ", " ", " ", " ", " ", " ", " ", " ", " ", " ", " ", "c", "o", "l", "o", "r", ":", ":", "B", "g", "(", "W", "h", "i", "t", "e", ")", ","] }
[00:00:00.369] (7fb8e9db13c0) INFO   Row { content: [" ", " ", " ", " ", " ", " ", " ", " ", " ", " ", " ", " ", "\"", " ", "\"", ".", "r", "e", "p", "e", "a", "t", "(", "s", "e", "l", "f", ".", "t", "e", "r", "m", "i", "n", "a", "l", ".", "w", "i", "d", "t", "h", " ", "a", "s", " ", "u", "s", "i", "z", "e", ")"] }
[00:00:00.371] (7fb8e9db13c0) INFO   Row { content: [" ", " ", " ", " ", " ", " ", " ", " ", ")", ";"] }
[00:00:00.372] (7fb8e9db13c0) INFO   Row { content: [" ", " ", " ", " ", " ", " ", " ", " ", "p", "r", "i", "n", "t", "l", "n", "!", "("] }
[00:00:00.373] (7fb8e9db13c0) INFO   Row { content: [" ", " ", " ", " ", " ", " ", " ", " ", " ", " ", " ", " ", "\"", "{", "}", "{", "}", " ", "l", "i", "n", "e", "s", ":", " ", "{", "}", " ", "b", "x", ":", " ", "{", "}", " ", "b", "y", ":", " ", "{", "}", " ", "t", "x", ":", " ", "{", "}", " ", "t", "y", ":", " ", "{", "}", " ", "t", "e", "r", "m", "i", "n", "a", "l", " ", "w", "i", "d", "t", "h", ":", " ", "{", "}", " ", "t", "e", "r", "m", "i", "n", "a", "l", " ", "h", "e", "i", "g", "h", "t", ":", " ", "{", "}", " ", "x", " ", "o", "f", "f", "s", "e", "t", ":", " ", "{", "}", " ", "y", " ", "o", "f", "f", "s", "e", "t", ":", " ", "{", "}", " ", "l", "i", "n", "e", " ", "l", "e", "n", "g", "t", "h", ":", " ", "{", "}", "{", "}", "{", "}", "\\", "r", "\"", ","] }
[00:00:00.379] (7fb8e9db13c0) INFO   Row { content: [" ", " ", " ", " ", " ", " ", " ", " ", " ", " ", " ", " ", "c", "o", "l", "o", "r", ":", ":", "F", "g", "(", "B", "l", "a", "c", "k", ")", ","] }
[00:00:00.381] (7fb8e9db13c0) INFO   Row { content: [" ", " ", " ", " ", " ", " ", " ", " ", " ", " ", " ", " ", "s", "e", "l", "f", ".", "d", "o", "c", "u", "m", "e", "n", "t"] }
[00:00:00.382] (7fb8e9db13c0) INFO   Row { content: [" ", " ", " ", " ", " ", " ", " ", " ", " ", " ", " ", " ", " ", " ", " ", " ", ".", "p", "a", "t", "h"] }
[00:00:00.383] (7fb8e9db13c0) INFO   Row { content: [" ", " ", " ", " ", " ", " ", " ", " ", " ", " ", " ", " ", " ", " ", " ", " ", ".", "c", "l", "o", "n", "e", "(", ")"] }
[00:00:00.384] (7fb8e9db13c0) INFO   Row { content: [" ", " ", " ", " ", " ", " ", " ", " ", " ", " ", " ", " ", " ", " ", " ", " ", ".", "i", "n", "t", "o", "_", "o", "s", "_", "s", "t", "r", "i", "n", "g", "(", ")"] }
[00:00:00.386] (7fb8e9db13c0) INFO   Row { content: [" ", " ", " ", " ", " ", " ", " ", " ", " ", " ", " ", " ", " ", " ", " ", " ", ".", "i", "n", "t", "o", "_", "s", "t", "r", "i", "n", "g", "(", ")"] }
[00:00:00.387] (7fb8e9db13c0) INFO   Row { content: [" ", " ", " ", " ", " ", " ", " ", " ", " ", " ", " ", " ", " ", " ", " ", " ", ".", "u", "n", "w", "r", "a", "p", "(", ")", ","] }
[00:00:00.389] (7fb8e9db13c0) INFO   Row { content: [" ", " ", " ", " ", " ", " ", " ", " ", " ", " ", " ", " ", "s", "e", "l", "f", ".", "d", "o", "c", "u", "m", "e", "n", "t", ".", "r", "o", "w", "s", ".", "l", "e", "n", "(", ")", ","] }
[00:00:00.390] (7fb8e9db13c0) INFO   Row { content: [" ", " ", " ", " ", " ", " ", " ", " ", " ", " ", " ", " ", "s", "e", "l", "f", ".", "c", "u", "r", "s", "o", "r", "_", "p", "o", "s", "i", "t", "i", "o", "n", ".", "x", " ", "+", " ", "s", "e", "l", "f", ".", "o", "f", "f", "s", "e", "t", ".", "x", ","] }
[00:00:00.392] (7fb8e9db13c0) INFO   Row { content: [" ", " ", " ", " ", " ", " ", " ", " ", " ", " ", " ", " ", "s", "e", "l", "f", ".", "c", "u", "r", "s", "o", "r", "_", "p", "o", "s", "i", "t", "i", "o", "n", ".", "y", " ", "+", " ", "s", "e", "l", "f", ".", "o", "f", "f", "s", "e", "t", ".", "y", ","] }
[00:00:00.395] (7fb8e9db13c0) INFO   Row { content: [" ", " ", " ", " ", " ", " ", " ", " ", " ", " ", " ", " ", "s", "e", "l", "f", ".", "c", "u", "r", "s", "o", "r", "_", "p", "o", "s", "i", "t", "i", "o", "n", ".", "x", ","] }
[00:00:00.397] (7fb8e9db13c0) INFO   Row { content: [" ", " ", " ", " ", " ", " ", " ", " ", " ", " ", " ", " ", "s", "e", "l", "f", ".", "c", "u", "r", "s", "o", "r", "_", "p", "o", "s", "i", "t", "i", "o", "n", ".", "y", ","] }
[00:00:00.398] (7fb8e9db13c0) INFO   Row { content: [" ", " ", " ", " ", " ", " ", " ", " ", " ", " ", " ", " ", "s", "e", "l", "f", ".", "t", "e", "r", "m", "i", "n", "a", "l", ".", "w", "i", "d", "t", "h", ","] }
[00:00:00.400] (7fb8e9db13c0) INFO   Row { content: [" ", " ", " ", " ", " ", " ", " ", " ", " ", " ", " ", " ", "s", "e", "l", "f", ".", "t", "e", "r", "m", "i", "n", "a", "l", ".", "h", "e", "i", "g", "h", "t", ","] }
[00:00:00.401] (7fb8e9db13c0) INFO   Row { content: [" ", " ", " ", " ", " ", " ", " ", " ", " ", " ", " ", " ", "s", "e", "l", "f", ".", "o", "f", "f", "s", "e", "t", ".", "x", ","] }
[00:00:00.403] (7fb8e9db13c0) INFO   Row { content: [" ", " ", " ", " ", " ", " ", " ", " ", " ", " ", " ", " ", "s", "e", "l", "f", ".", "o", "f", "f", "s", "e", "t", ".", "y", ","] }
[00:00:00.404] (7fb8e9db13c0) INFO   Row { content: [" ", " ", " ", " ", " ", " ", " ", " ", " ", " ", " ", " ", "s", "e", "l", "f", ".", "d", "o", "c", "u", "m", "e", "n", "t", ".", "r", "o", "w", "s", "[", "s", "e", "l", "f", ".", "c", "u", "r", "s", "o", "r", "_", "p", "o", "s", "i", "t", "i", "o", "n", ".", "y", "+", "s", "e", "l", "f", ".", "o", "f", "f", "s", "e", "t", ".", "y", " ", "-", " ", "1", "]", ".", "c", "o", "n", "t", "e", "n", "t", ".", "l", "e", "n", "(", ")", ","] }
[00:00:00.408] (7fb8e9db13c0) INFO   Row { content: [" ", " ", " ", " ", " ", " ", " ", " ", " ", " ", " ", " ", "c", "o", "l", "o", "r", ":", ":", "B", "g", "(", "R", "e", "s", "e", "t", ")", ","] }
[00:00:00.409] (7fb8e9db13c0) INFO   Row { content: [" ", " ", " ", " ", " ", " ", " ", " ", " ", " ", " ", " ", "c", "o", "l", "o", "r", ":", ":", "F", "g", "(", "R", "e", "s", "e", "t", ")", ","] }
[00:00:00.410] (7fb8e9db13c0) INFO   Row { content: [" ", " ", " ", " ", " ", " ", " ", " ", ")", ";"] }
[00:00:00.411] (7fb8e9db13c0) INFO   Row { content: [" ", " ", " ", " ", "}"] }
[00:00:00.412] (7fb8e9db13c0) INFO   Row { content: [] }
[00:00:00.412] (7fb8e9db13c0) INFO   Row { content: [" ", " ", " ", " ", "/", "/", "C", "O", "N", "S", "T", "R", "U", "C", "T", "O", "R", "!"] }
[00:00:00.413] (7fb8e9db13c0) INFO   Row { content: [" ", " ", " ", " ", "/", "/", "/", "#", " ", "P", "a", "n", "i", "c", "s"] }
[00:00:00.414] (7fb8e9db13c0) INFO   Row { content: [" ", " ", " ", " ", "/", "/", "/"] }
[00:00:00.414] (7fb8e9db13c0) INFO   Row { content: [" ", " ", " ", " ", "/", "/", "/", " ", "p", "a", "n", "i", "c", "s", " ", "i", "f", " ", "t", "h", "e", " ", "t", "e", "r", "m", "i", "n", "a", "l", " ", "f", "a", "i", "l", "s", " ", "t", "o", " ", "i", "n", "i", "t", "i", "a", "t", "e"] }
[00:00:00.416] (7fb8e9db13c0) INFO   Row { content: [" ", " ", " ", " ", "#", "[", "m", "u", "s", "t", "_", "u", "s", "e", "]"] }
[00:00:00.417] (7fb8e9db13c0) INFO   Row { content: [" ", " ", " ", " ", "p", "u", "b", " ", "f", "n", " ", "n", "e", "w", "(", "d", "o", "c", ":", " ", "D", "o", "c", "u", "m", "e", "n", "t", ")", " ", "-", ">", " ", "E", "d", "i", "t", "o", "r", " ", "{"] }
[00:00:00.419] (7fb8e9db13c0) INFO   Row { content: [" ", " ", " ", " ", " ", " ", " ", " ", "E", "d", "i", "t", "o", "r", " ", "{"] }
[00:00:00.420] (7fb8e9db13c0) INFO   Row { content: [" ", " ", " ", " ", " ", " ", " ", " ", " ", " ", " ", " ", "s", "h", "o", "u", "l", "d", "_", "e", "x", "i", "t", ":", " ", "f", "a", "l", "s", "e", ","] }
[00:00:00.421] (7fb8e9db13c0) INFO   Row { content: [" ", " ", " ", " ", " ", " ", " ", " ", " ", " ", " ", " ", "t", "e", "r", "m", "i", "n", "a", "l", ":", " ", "T", "e", "r", "m", "i", "n", "a", "l", ":", ":", "n", "e", "w", "(", "t", "e", "r", "m", "i", "o", "n", ":", ":", "t", "e", "r", "m", "i", "n", "a", "l", "_", "s", "i", "z", "e", "(", ")", ".", "u", "n", "w", "r", "a", "p", "(", ")", ")", ","] }
[00:00:00.424] (7fb8e9db13c0) INFO   Row { content: [" ", " ", " ", " ", " ", " ", " ", " ", " ", " ", " ", " ", "c", "u", "r", "s", "o", "r", "_", "p", "o", "s", "i", "t", "i", "o", "n", ":", " ", "P", "o", "s", "i", "t", "i", "o", "n", " ", "{", " ", "x", ":", " ", "1", ",", " ", "y", ":", " ", "1", " ", "}", ","] }
[00:00:00.426] (7fb8e9db13c0) INFO   Row { content: [" ", " ", " ", " ", " ", " ", " ", " ", " ", " ", " ", " ", "d", "o", "c", "u", "m", "e", "n", "t", ":", " ", "d", "o", "c", ","] }
[00:00:00.428] (7fb8e9db13c0) INFO   Row { content: [" ", " ", " ", " ", " ", " ", " ", " ", " ", " ", " ", " ", "o", "f", "f", "s", "e", "t", ":", " ", "P", "o", "s", "i", "t", "i", "o", "n", " ", "{", " ", "x", ":", " ", "0", ",", " ", "y", ":", " ", "0", " ", "}", ","] }
[00:00:00.430] (7fb8e9db13c0) INFO   Row { content: [" ", " ", " ", " ", " ", " ", " ", " ", " ", " ", " ", " ", "m", "e", "s", "s", "a", "g", "e", "_", "b", "u", "f", "f", "e", "r", ":", " ", "v", "e", "c", "!", "[", "\"", "p", "r", "e", "s", "s", " ", "c", "t", "r", "l", "+", "n", " ", "t", "o", " ", "c", "o", "m", "p", "o", "s", "e", " ", "a", " ", "s", "t", "a", "t", "u", "s", " ", "m", "e", "s", "s", "a", "g", "e", "\"", ".", "t", "o", "_", "s", "t", "r", "i", "n", "g", "(", ")", "]", ","] }
[00:00:00.434] (7fb8e9db13c0) INFO   Row { content: [" ", " ", " ", " ", " ", " ", " ", " ", " ", " ", " ", " ", "m", "e", "s", "s", "a", "g", "e", ":", " ", "S", "t", "a", "t", "u", "s", "M", "e", "s", "s", "a", "g", "e", ":", ":", "n", "e", "w", "(", "\"", "H", "E", "L", "P", ":", " ", "c", "t", "r", "l", " ", "+", " ", "q", " ", "t", "o", " ", "q", "u", "i", "t", "\"", ".", "t", "o", "_", "s", "t", "r", "i", "n", "g", "(", ")", ")", ","] }
[00:00:00.437] (7fb8e9db13c0) INFO   Row { content: [" ", " ", " ", " ", " ", " ", " ", " ", "}"] }
[00:00:00.438] (7fb8e9db13c0) INFO   Row { content: [" ", " ", " ", " ", "}"] }
[00:00:00.438] (7fb8e9db13c0) INFO   Row { content: [] }
[00:00:00.438] (7fb8e9db13c0) INFO   Row { content: [" ", " ", " ", " ", "/", "/", "B", "A", "D", " ", "F", "U", "N", "C", "T", "I", "O", "N", "S", "!"] }
[00:00:00.439] (7fb8e9db13c0) INFO   Row { content: [" ", " ", " ", " ", "f", "n", " ", "u", "p", "(", "&", "m", "u", "t", " ", "s", "e", "l", "f", ",", " ", "x", ":", " ", "u", "s", "i", "z", "e", ",", " ", "y", ":", " ", "u", "s", "i", "z", "e", ",", " ", "o", "f", "f", ":", " ", "&", "P", "o", "s", "i", "t", "i", "o", "n", ")", " ", "-", ">", " ", "P", "o", "s", "i", "t", "i", "o", "n", " ", "{"] }
[00:00:00.442] (7fb8e9db13c0) INFO   Row { content: [" ", " ", " ", " ", " ", " ", " ", " ", "l", "e", "t", " ", "m", "u", "t", " ", "x", " ", "=", " ", "x", ";"] }
[00:00:00.443] (7fb8e9db13c0) INFO   Row { content: [" ", " ", " ", " ", " ", " ", " ", " ", "l", "e", "t", " ", "m", "u", "t", " ", "y", " ", "=", " ", "y", ";"] }
[00:00:00.445] (7fb8e9db13c0) INFO   Row { content: [" ", " ", " ", " ", " ", " ", " ", " ", "i", "f", " ", "y", " ", ">", " ", "1", " ", "{"] }
[00:00:00.446] (7fb8e9db13c0) INFO   Row { content: [" ", " ", " ", " ", " ", " ", " ", " ", " ", " ", " ", " ", "i", "f", " ", "y", " ", "-", " ", "s", "e", "l", "f", ".", "o", "f", "f", "s", "e", "t", ".", "y", " ", "=", "=", " ", "1", " ", "{"] }
[00:00:00.447] (7fb8e9db13c0) INFO   Row { content: [" ", " ", " ", " ", " ", " ", " ", " ", " ", " ", " ", " ", " ", " ", " ", " ", "s", "e", "l", "f", ".", "o", "f", "f", "s", "e", "t", ".", "y", " ", "-", "=", " ", "1", ";"] }
[00:00:00.449] (7fb8e9db13c0) INFO   Row { content: [" ", " ", " ", " ", " ", " ", " ", " ", " ", " ", " ", " ", " ", " ", " ", " ", "i", "f", " ", "x", " ", ">", " ", "s", "e", "l", "f", ".", "d", "o", "c", "u", "m", "e", "n", "t", ".", "r", "o", "w", "s", "[", "y", "]", ".", "c", "o", "n", "t", "e", "n", "t", ".", "l", "e", "n", "(", ")", " ", "{"] }
[00:00:00.451] (7fb8e9db13c0) INFO   Row { content: [" ", " ", " ", " ", " ", " ", " ", " ", " ", " ", " ", " ", " ", " ", " ", " ", " ", " ", " ", " ", "x", " ", "=", " ", "s", "e", "l", "f", ".", "d", "o", "c", "u", "m", "e", "n", "t", ".", "r", "o", "w", "s", "[", "y", "]", ".", "c", "o", "n", "t", "e", "n", "t", ".", "l", "e", "n", "(", ")", ";"] }
[00:00:00.454] (7fb8e9db13c0) INFO   Row { content: [" ", " ", " ", " ", " ", " ", " ", " ", " ", " ", " ", " ", " ", " ", " ", " ", "}"] }
[00:00:00.455] (7fb8e9db13c0) INFO   Row { content: [" ", " ", " ", " ", " ", " ", " ", " ", " ", " ", " ", " ", "}", " ", "e", "l", "s", "e", " ", "{"] }
[00:00:00.456] (7fb8e9db13c0) INFO   Row { content: [" ", " ", " ", " ", " ", " ", " ", " ", " ", " ", " ", " ", " ", " ", " ", " ", "y", " ", "=", " ", "y", ".", "s", "a", "t", "u", "r", "a", "t", "i", "n", "g", "_", "s", "u", "b", "(", "1", ")", ";"] }
[00:00:00.458] (7fb8e9db13c0) INFO   Row { content: [" ", " ", " ", " ", " ", " ", " ", " ", " ", " ", " ", " ", " ", " ", " ", " ", "i", "f", " ", "x", " ", ">", " ", "s", "e", "l", "f", ".", "d", "o", "c", "u", "m", "e", "n", "t", ".", "r", "o", "w", "s", "[", "y", " ", "-", " ", "1", "]", ".", "c", "o", "n", "t", "e", "n", "t", ".", "l", "e", "n", "(", ")", " ", "{"] }
[00:00:00.461] (7fb8e9db13c0) INFO   Row { content: [" ", " ", " ", " ", " ", " ", " ", " ", " ", " ", " ", " ", " ", " ", " ", " ", " ", " ", " ", " ", "i", "f", " ", "s", "e", "l", "f", ".", "d", "o", "c", "u", "m", "e", "n", "t", ".", "r", "o", "w", "s", "[", "y", " ", "-", " ", "1", "]", ".", "c", "o", "n", "t", "e", "n", "t", ".", "l", "e", "n", "(", ")", " ", ">", " ", "s", "e", "l", "f", ".", "t", "e", "r", "m", "i", "n", "a", "l", ".", "w", "i", "d", "t", "h", " ", "a", "s", " ", "u", "s", "i", "z", "e", " ", "{"] }
[00:00:00.465] (7fb8e9db13c0) INFO   Row { content: [" ", " ", " ", " ", " ", " ", " ", " ", " ", " ", " ", " ", " ", " ", " ", " ", " ", " ", " ", " ", " ", " ", " ", " ", "x", " ", "=", " ", "s", "e", "l", "f", ".", "t", "e", "r", "m", "i", "n", "a", "l", ".", "w", "i", "d", "t", "h", " ", "a", "s", " ", "u", "s", "i", "z", "e", " ", "-", " ", "1", " ", "+", " ", "o", "f", "f", ".", "x", ";"] }
[00:00:00.468] (7fb8e9db13c0) INFO   Row { content: [" ", " ", " ", " ", " ", " ", " ", " ", " ", " ", " ", " ", " ", " ", " ", " ", " ", " ", " ", " ", " ", " ", " ", " ", "s", "e", "l", "f", ".", "o", "f", "f", "s", "e", "t", ".", "x", " ", "=", " ", "s", "e", "l", "f", ".", "d", "o", "c", "u", "m", "e", "n", "t", ".", "r", "o", "w", "s", "[", "y", " ", "-", " ", "1", "]"] }
[00:00:00.470] (7fb8e9db13c0) INFO   Row { content: [" ", " ", " ", " ", " ", " ", " ", " ", " ", " ", " ", " ", " ", " ", " ", " ", " ", " ", " ", " ", " ", " ", " ", " ", " ", " ", " ", " ", ".", "c", "o", "n", "t", "e", "n", "t"] }
[00:00:00.472] (7fb8e9db13c0) INFO   Row { content: [" ", " ", " ", " ", " ", " ", " ", " ", " ", " ", " ", " ", " ", " ", " ", " ", " ", " ", " ", " ", " ", " ", " ", " ", " ", " ", " ", " ", ".", "l", "e", "n", "(", ")"] }
[00:00:00.474] (7fb8e9db13c0) INFO   Row { content: [" ", " ", " ", " ", " ", " ", " ", " ", " ", " ", " ", " ", " ", " ", " ", " ", " ", " ", " ", " ", " ", " ", " ", " ", " ", " ", " ", " ", ".", "s", "a", "t", "u", "r", "a", "t", "i", "n", "g", "_", "s", "u", "b", "(", "s", "e", "l", "f", ".", "t", "e", "r", "m", "i", "n", "a", "l", ".", "w", "i", "d", "t", "h", " ", "a", "s", " ", "u", "s", "i", "z", "e", " ", "-", " ", "1", ")", ";"] }
[00:00:00.477] (7fb8e9db13c0) INFO   Row { content: [" ", " ", " ", " ", " ", " ", " ", " ", " ", " ", " ", " ", " ", " ", " ", " ", " ", " ", " ", " ", "}", " ", "e", "l", "s", "e", " ", "{"] }
[00:00:00.478] (7fb8e9db13c0) INFO   Row { content: [" ", " ", " ", " ", " ", " ", " ", " ", " ", " ", " ", " ", " ", " ", " ", " ", " ", " ", " ", " ", " ", " ", " ", " ", "x", " ", "=", " ", "s", "e", "l", "f", ".", "d", "o", "c", "u", "m", "e", "n", "t", ".", "r", "o", "w", "s", "[", "y", " ", "-", " ", "1", "]", ".", "c", "o", "n", "t", "e", "n", "t", ".", "l", "e", "n", "(", ")", " ", "+", " ", "o", "f", "f", ".", "x", ";"] }
[00:00:00.482] (7fb8e9db13c0) INFO   Row { content: [" ", " ", " ", " ", " ", " ", " ", " ", " ", " ", " ", " ", " ", " ", " ", " ", " ", " ", " ", " ", " ", " ", " ", " ", "s", "e", "l", "f", ".", "o", "f", "f", "s", "e", "t", ".", "x", " ", "=", " ", "0", ";"] }
[00:00:00.483] (7fb8e9db13c0) INFO   Row { content: [" ", " ", " ", " ", " ", " ", " ", " ", " ", " ", " ", " ", " ", " ", " ", " ", " ", " ", " ", " ", "}"] }
[00:00:00.484] (7fb8e9db13c0) INFO   Row { content: [" ", " ", " ", " ", " ", " ", " ", " ", " ", " ", " ", " ", " ", " ", " ", " ", "}"] }
[00:00:00.485] (7fb8e9db13c0) INFO   Row { content: [" ", " ", " ", " ", " ", " ", " ", " ", " ", " ", " ", " ", "}"] }
[00:00:00.486] (7fb8e9db13c0) INFO   Row { content: [" ", " ", " ", " ", " ", " ", " ", " ", "}"] }
[00:00:00.487] (7fb8e9db13c0) INFO   Row { content: [" ", " ", " ", " ", " ", " ", " ", " ", "P", "o", "s", "i", "t", "i", "o", "n", " ", "{", " ", "x", ",", " ", "y", " ", "}"] }
[00:00:00.488] (7fb8e9db13c0) INFO   Row { content: [" ", " ", " ", " ", "}"] }
[00:00:00.488] (7fb8e9db13c0) INFO   Row { content: [" ", " ", " ", " ", "f", "n", " ", "l", "e", "f", "t", "(", "&", "m", "u", "t", " ", "s", "e", "l", "f", ",", " ", "x", ":", " ", "u", "s", "i", "z", "e", ",", " ", "y", ":", " ", "u", "s", "i", "z", "e", ",", " ", "_", "o", "f", "f", ":", " ", "&", "P", "o", "s", "i", "t", "i", "o", "n", ")", " ", "-", ">", " ", "P", "o", "s", "i", "t", "i", "o", "n", " ", "{"] }
[00:00:00.492] (7fb8e9db13c0) INFO   Row { content: [" ", " ", " ", " ", " ", " ", " ", " ", "l", "e", "t", " ", "m", "u", "t", " ", "x", " ", "=", " ", "x", ";"] }
[00:00:00.493] (7fb8e9db13c0) INFO   Row { content: [" ", " ", " ", " ", " ", " ", " ", " ", "i", "f", " ", "x", " ", ">", " ", "0", " ", "{"] }
[00:00:00.494] (7fb8e9db13c0) INFO   Row { content: [" ", " ", " ", " ", " ", " ", " ", " ", " ", " ", " ", " ", "i", "f", " ", "x", " ", "-", " ", "s", "e", "l", "f", ".", "o", "f", "f", "s", "e", "t", ".", "x", " ", "=", "=", " ", "0", " ", "{"] }
[00:00:00.496] (7fb8e9db13c0) INFO   Row { content: [" ", " ", " ", " ", " ", " ", " ", " ", " ", " ", " ", " ", " ", " ", " ", " ", "s", "e", "l", "f", ".", "o", "f", "f", "s", "e", "t", ".", "x", " ", "-", "=", " ", "1", ";"] }
[00:00:00.497] (7fb8e9db13c0) INFO   Row { content: [" ", " ", " ", " ", " ", " ", " ", " ", " ", " ", " ", " ", "}", " ", "e", "l", "s", "e", " ", "{"] }
[00:00:00.498] (7fb8e9db13c0) INFO   Row { content: [" ", " ", " ", " ", " ", " ", " ", " ", " ", " ", " ", " ", " ", " ", " ", " ", "x", " ", "=", " ", "x", ".", "s", "a", "t", "u", "r", "a", "t", "i", "n", "g", "_", "s", "u", "b", "(", "1", ")", ";"] }
[00:00:00.500] (7fb8e9db13c0) INFO   Row { content: [" ", " ", " ", " ", " ", " ", " ", " ", " ", " ", " ", " ", "}"] }
[00:00:00.501] (7fb8e9db13c0) INFO   Row { content: [" ", " ", " ", " ", " ", " ", " ", " ", "}"] }
[00:00:00.501] (7fb8e9db13c0) INFO   Row { content: [" ", " ", " ", " ", " ", " ", " ", " ", "P", "o", "s", "i", "t", "i", "o", "n", " ", "{", " ", "x", ",", " ", "y", " ", "}"] }
[00:00:00.502] (7fb8e9db13c0) INFO   Row { content: [" ", " ", " ", " ", "}"] }
[00:00:00.503] (7fb8e9db13c0) INFO   Row { content: [" ", " ", " ", " ", "f", "n", " ", "r", "i", "g", "h", "t", "(", "&", "m", "u", "t", " ", "s", "e", "l", "f", ",", " ", "x", ":", " ", "u", "s", "i", "z", "e", ",", " ", "y", ":", " ", "u", "s", "i", "z", "e", ",", " ", "o", "f", "f", ":", " ", "&", "P", "o", "s", "i", "t", "i", "o", "n", ")", " ", "-", ">", " ", "P", "o", "s", "i", "t", "i", "o", "n", " ", "{"] }
[00:00:00.506] (7fb8e9db13c0) INFO   Row { content: [" ", " ", " ", " ", " ", " ", " ", " ", "l", "e", "t", " ", "m", "u", "t", " ", "x", " ", "=", " ", "x", ";"] }
[00:00:00.507] (7fb8e9db13c0) INFO   Row { content: [" ", " ", " ", " ", " ", " ", " ", " ", "i", "f", " ", "x", " ", "<", " ", "s", "e", "l", "f", ".", "d", "o", "c", "u", "m", "e", "n", "t", ".", "r", "o", "w", "s", "[", "y", " ", "-", " ", "1", "]", ".", "c", "o", "n", "t", "e", "n", "t", ".", "l", "e", "n", "(", ")", " ", "a", "s", " ", "u", "s", "i", "z", "e", " ", "{"] }
[00:00:00.510] (7fb8e9db13c0) INFO   Row { content: [" ", " ", " ", " ", " ", " ", " ", " ", " ", " ", " ", " ", "i", "f", " ", "x", " ", ">", " ", "s", "e", "l", "f", ".", "t", "e", "r", "m", "i", "n", "a", "l", ".", "w", "i", "d", "t", "h", " ", "a", "s", " ", "u", "s", "i", "z", "e", " ", "+", " ", "o", "f", "f", ".", "x", " ", "-", " ", "3", " ", "{"] }
[00:00:00.513] (7fb8e9db13c0) INFO   Row { content: [" ", " ", " ", " ", " ", " ", " ", " ", " ", " ", " ", " ", " ", " ", " ", " ", "s", "e", "l", "f", ".", "o", "f", "f", "s", "e", "t", ".", "x", " ", "+", "=", " ", "1", ";"] }
[00:00:00.514] (7fb8e9db13c0) INFO   Row { content: [" ", " ", " ", " ", " ", " ", " ", " ", " ", " ", " ", " ", "}", " ", "e", "l", "s", "e", " ", "{"] }
[00:00:00.515] (7fb8e9db13c0) INFO   Row { content: [" ", " ", " ", " ", " ", " ", " ", " ", " ", " ", " ", " ", " ", " ", " ", " ", "x", " ", "=", " ", "x", ".", "s", "a", "t", "u", "r", "a", "t", "i", "n", "g", "_", "a", "d", "d", "(", "1", ")", ";"] }
[00:00:00.517] (7fb8e9db13c0) INFO   Row { content: [" ", " ", " ", " ", " ", " ", " ", " ", " ", " ", " ", " ", "}"] }
[00:00:00.518] (7fb8e9db13c0) INFO   Row { content: [" ", " ", " ", " ", " ", " ", " ", " ", "}"] }
[00:00:00.518] (7fb8e9db13c0) INFO   Row { content: [" ", " ", " ", " ", " ", " ", " ", " ", "P", "o", "s", "i", "t", "i", "o", "n", " ", "{", " ", "x", ",", " ", "y", " ", "}"] }
[00:00:00.520] (7fb8e9db13c0) INFO   Row { content: [" ", " ", " ", " ", "}"] }
[00:00:00.520] (7fb8e9db13c0) INFO   Row { content: [" ", " ", " ", " ", "f", "n", " ", "d", "o", "w", "n", "(", "&", "m", "u", "t", " ", "s", "e", "l", "f", ",", " ", "x", ":", " ", "u", "s", "i", "z", "e", ",", " ", "y", ":", " ", "u", "s", "i", "z", "e", ",", " ", "o", "f", "f", ":", " ", "&", "P", "o", "s", "i", "t", "i", "o", "n", ")", " ", "-", ">", " ", "P", "o", "s", "i", "t", "i", "o", "n", " ", "{"] }
[00:00:00.523] (7fb8e9db13c0) INFO   Row { content: [" ", " ", " ", " ", " ", " ", " ", " ", "l", "e", "t", " ", "m", "u", "t", " ", "x", " ", "=", " ", "x", ";"] }
[00:00:00.524] (7fb8e9db13c0) INFO   Row { content: [" ", " ", " ", " ", " ", " ", " ", " ", "l", "e", "t", " ", "m", "u", "t", " ", "y", " ", "=", " ", "y", ";"] }
[00:00:00.525] (7fb8e9db13c0) INFO   Row { content: [" ", " ", " ", " ", " ", " ", " ", " ", "i", "f", " ", "y", " ", "<", " ", "s", "e", "l", "f", ".", "d", "o", "c", "u", "m", "e", "n", "t", ".", "r", "o", "w", "s", ".", "l", "e", "n", "(", ")", " ", "{"] }
[00:00:00.527] (7fb8e9db13c0) INFO   Row { content: [" ", " ", " ", " ", " ", " ", " ", " ", " ", " ", " ", " ", "i", "f", " ", "y", " ", ">", "=", " ", "s", "e", "l", "f", ".", "t", "e", "r", "m", "i", "n", "a", "l", ".", "h", "e", "i", "g", "h", "t", " ", "a", "s", " ", "u", "s", "i", "z", "e", " ", "+", " ", "o", "f", "f", ".", "y", " ", "-", " ", "2", " ", "{"] }
[00:00:00.530] (7fb8e9db13c0) INFO   Row { content: [" ", " ", " ", " ", " ", " ", " ", " ", " ", " ", " ", " ", " ", " ", " ", " ", "s", "e", "l", "f", ".", "o", "f", "f", "s", "e", "t", ".", "y", " ", "+", "=", " ", "1", ";"] }
[00:00:00.532] (7fb8e9db13c0) INFO   Row { content: [" ", " ", " ", " ", " ", " ", " ", " ", " ", " ", " ", " ", " ", " ", " ", " ", "i", "f", " ", "x", " ", ">", " ", "s", "e", "l", "f", ".", "d", "o", "c", "u", "m", "e", "n", "t", ".", "r", "o", "w", "s", "[", "y", "]", ".", "c", "o", "n", "t", "e", "n", "t", ".", "l", "e", "n", "(", ")", " ", "{"] }
[00:00:00.534] (7fb8e9db13c0) INFO   Row { content: [" ", " ", " ", " ", " ", " ", " ", " ", " ", " ", " ", " ", " ", " ", " ", " ", " ", " ", " ", " ", "x", " ", "=", " ", "s", "e", "l", "f", ".", "d", "o", "c", "u", "m", "e", "n", "t", ".", "r", "o", "w", "s", "[", "y", "]", ".", "c", "o", "n", "t", "e", "n", "t", ".", "l", "e", "n", "(", ")", ";"] }
[00:00:00.537] (7fb8e9db13c0) INFO   Row { content: [" ", " ", " ", " ", " ", " ", " ", " ", " ", " ", " ", " ", " ", " ", " ", " ", "}"] }
[00:00:00.538] (7fb8e9db13c0) INFO   Row { content: [" ", " ", " ", " ", " ", " ", " ", " ", " ", " ", " ", " ", "}", " ", "e", "l", "s", "e", " ", "{"] }
[00:00:00.539] (7fb8e9db13c0) INFO   Row { content: [" ", " ", " ", " ", " ", " ", " ", " ", " ", " ", " ", " ", " ", " ", " ", " ", "y", " ", "=", " ", "y", ".", "s", "a", "t", "u", "r", "a", "t", "i", "n", "g", "_", "a", "d", "d", "(", "1", ")", ";"] }
[00:00:00.541] (7fb8e9db13c0) INFO   Row { content: [" ", " ", " ", " ", " ", " ", " ", " ", " ", " ", " ", " ", " ", " ", " ", " ", "i", "f", " ", "x", " ", ">", " ", "s", "e", "l", "f", ".", "d", "o", "c", "u", "m", "e", "n", "t", ".", "r", "o", "w", "s", "[", "y", " ", "-", " ", "1", "]", ".", "c", "o", "n", "t", "e", "n", "t", ".", "l", "e", "n", "(", ")", " ", "{"] }
[00:00:00.544] (7fb8e9db13c0) INFO   Row { content: [" ", " ", " ", " ", " ", " ", " ", " ", " ", " ", " ", " ", " ", " ", " ", " ", " ", " ", " ", " ", "i", "f", " ", "s", "e", "l", "f", ".", "d", "o", "c", "u", "m", "e", "n", "t", ".", "r", "o", "w", "s", "[", "y", " ", "-", " ", "1", "]", ".", "c", "o", "n", "t", "e", "n", "t", ".", "l", "e", "n", "(", ")", " ", ">", " ", "s", "e", "l", "f", ".", "t", "e", "r", "m", "i", "n", "a", "l", ".", "w", "i", "d", "t", "h", " ", "a", "s", " ", "u", "s", "i", "z", "e", " ", "{"] }
[00:00:00.548] (7fb8e9db13c0) INFO   Row { content: [" ", " ", " ", " ", " ", " ", " ", " ", " ", " ", " ", " ", " ", " ", " ", " ", " ", " ", " ", " ", " ", " ", " ", " ", "x", " ", "=", " ", "s", "e", "l", "f", ".", "t", "e", "r", "m", "i", "n", "a", "l", ".", "w", "i", "d", "t", "h", " ", "a", "s", " ", "u", "s", "i", "z", "e", " ", "-", " ", "1", " ", "+", " ", "o", "f", "f", ".", "x", ";"] }
[00:00:00.550] (7fb8e9db13c0) INFO   Row { content: [" ", " ", " ", " ", " ", " ", " ", " ", " ", " ", " ", " ", " ", " ", " ", " ", " ", " ", " ", " ", " ", " ", " ", " ", "s", "e", "l", "f", ".", "o", "f", "f", "s", "e", "t", ".", "x", " ", "=", " ", "s", "e", "l", "f", ".", "d", "o", "c", "u", "m", "e", "n", "t", ".", "r", "o", "w", "s", "[", "y", " ", "-", " ", "1", "]"] }
[00:00:00.553] (7fb8e9db13c0) INFO   Row { content: [" ", " ", " ", " ", " ", " ", " ", " ", " ", " ", " ", " ", " ", " ", " ", " ", " ", " ", " ", " ", " ", " ", " ", " ", " ", " ", " ", " ", ".", "c", "o", "n", "t", "e", "n", "t"] }
[00:00:00.555] (7fb8e9db13c0) INFO   Row { content: [" ", " ", " ", " ", " ", " ", " ", " ", " ", " ", " ", " ", " ", " ", " ", " ", " ", " ", " ", " ", " ", " ", " ", " ", " ", " ", " ", " ", ".", "l", "e", "n", "(", ")"] }
[00:00:00.556] (7fb8e9db13c0) INFO   Row { content: [" ", " ", " ", " ", " ", " ", " ", " ", " ", " ", " ", " ", " ", " ", " ", " ", " ", " ", " ", " ", " ", " ", " ", " ", " ", " ", " ", " ", ".", "s", "a", "t", "u", "r", "a", "t", "i", "n", "g", "_", "s", "u", "b", "(", "s", "e", "l", "f", ".", "t", "e", "r", "m", "i", "n", "a", "l", ".", "w", "i", "d", "t", "h", " ", "a", "s", " ", "u", "s", "i", "z", "e", " ", "-", " ", "1", ")", ";"] }
[00:00:00.560] (7fb8e9db13c0) INFO   Row { content: [" ", " ", " ", " ", " ", " ", " ", " ", " ", " ", " ", " ", " ", " ", " ", " ", " ", " ", " ", " ", "}", " ", "e", "l", "s", "e", " ", "{"] }
[00:00:00.561] (7fb8e9db13c0) INFO   Row { content: [" ", " ", " ", " ", " ", " ", " ", " ", " ", " ", " ", " ", " ", " ", " ", " ", " ", " ", " ", " ", " ", " ", " ", " ", "x", " ", "=", " ", "s", "e", "l", "f", ".", "d", "o", "c", "u", "m", "e", "n", "t", ".", "r", "o", "w", "s", "[", "y", " ", "-", " ", "1", "]", ".", "c", "o", "n", "t", "e", "n", "t", ".", "l", "e", "n", "(", ")", " ", "+", " ", "o", "f", "f", ".", "x", ";"] }
[00:00:00.564] (7fb8e9db13c0) INFO   Row { content: [" ", " ", " ", " ", " ", " ", " ", " ", " ", " ", " ", " ", " ", " ", " ", " ", " ", " ", " ", " ", " ", " ", " ", " ", "s", "e", "l", "f", ".", "o", "f", "f", "s", "e", "t", ".", "x", " ", "=", " ", "0", ";"] }
[00:00:00.566] (7fb8e9db13c0) INFO   Row { content: [" ", " ", " ", " ", " ", " ", " ", " ", " ", " ", " ", " ", " ", " ", " ", " ", " ", " ", " ", " ", "}"] }
[00:00:00.567] (7fb8e9db13c0) INFO   Row { content: [" ", " ", " ", " ", " ", " ", " ", " ", " ", " ", " ", " ", " ", " ", " ", " ", "}"] }
[00:00:00.568] (7fb8e9db13c0) INFO   Row { content: [" ", " ", " ", " ", " ", " ", " ", " ", " ", " ", " ", " ", "}"] }
[00:00:00.569] (7fb8e9db13c0) INFO   Row { content: [" ", " ", " ", " ", " ", " ", " ", " ", "}"] }
[00:00:00.569] (7fb8e9db13c0) INFO   Row { content: [" ", " ", " ", " ", " ", " ", " ", " ", "P", "o", "s", "i", "t", "i", "o", "n", " ", "{", " ", "x", ",", " ", "y", " ", "}"] }
[00:00:00.570] (7fb8e9db13c0) INFO   Row { content: [" ", " ", " ", " ", "}"] }
[00:00:00.571] (7fb8e9db13c0) INFO   Row { content: ["}"] }
